#
# There is insufficient memory for the Java Runtime Environment to continue.
# Native memory allocation (malloc) failed to allocate 595696 bytes. Error detail: Chunk::new
# Possible reasons:
#   The system is out of physical RAM or swap space
#   This process is running with CompressedOops enabled, and the Java Heap may be blocking the growth of the native heap
# Possible solutions:
#   Reduce memory load on the system
#   Increase physical memory or swap space
#   Check if swap backing store is full
#   Decrease Java heap size (-Xmx/-Xms)
#   Decrease number of Java threads
#   Decrease Java thread stack sizes (-Xss)
#   Set larger code cache with -XX:ReservedCodeCacheSize=
#   JVM is running with Unscaled Compressed Oops mode in which the Java heap is
#     placed in the first 4GB address space. The Java Heap base address is the
#     maximum limit for the native heap growth. Please use -XX:HeapBaseMinAddress
#     to set the Java Heap base and to place the Java Heap above 4GB virtual address.
# This output file may be truncated or incomplete.
#
#  Out of Memory Error (arena.cpp:168), pid=22280, tid=9548
#
# JRE version: OpenJDK Runtime Environment (21.0.9) (build 21.0.9+-14787801-b1163.94)
# Java VM: OpenJDK 64-Bit Server VM (21.0.9+-14787801-b1163.94, mixed mode, tiered, compressed oops, compressed class ptrs, g1 gc, windows-amd64)
# No core dump will be written. Minidumps are not enabled by default on client versions of Windows
#

---------------  S U M M A R Y ------------

Command Line: --add-opens=java.base/java.lang=ALL-UNNAMED --add-opens=java.base/java.lang.invoke=ALL-UNNAMED --add-opens=java.base/java.util=ALL-UNNAMED --add-opens=java.prefs/java.util.prefs=ALL-UNNAMED --add-exports=jdk.compiler/com.sun.tools.javac.api=ALL-UNNAMED --add-exports=jdk.compiler/com.sun.tools.javac.util=ALL-UNNAMED --add-opens=java.base/java.util=ALL-UNNAMED --add-opens=java.prefs/java.util.prefs=ALL-UNNAMED --add-opens=java.base/java.nio.charset=ALL-UNNAMED --add-opens=java.base/java.net=ALL-UNNAMED --add-opens=java.base/java.util.concurrent=ALL-UNNAMED --add-opens=java.base/java.util.concurrent.atomic=ALL-UNNAMED --add-opens=java.xml/javax.xml.namespace=ALL-UNNAMED --add-opens=java.base/java.time=ALL-UNNAMED -Xmx2048m -Dfile.encoding=UTF-8 -Duser.country=US -Duser.language=en -Duser.variant -javaagent:C:\Users\ACER\.gradle\wrapper\dists\gradle-9.3.1-bin\23ovyewtku6u96viwx3xl3oks\gradle-9.3.1\lib\agents\gradle-instrumentation-agent-9.3.1.jar org.gradle.launcher.daemon.bootstrap.GradleDaemon 9.3.1

Host: 11th Gen Intel(R) Core(TM) i5-11400H @ 2.70GHz, 12 cores, 7G,  Windows 11 , 64 bit Build 26100 (10.0.26100.7920)
Time: Fri Mar 27 13:18:53 2026 SE Asia Standard Time elapsed time: 13.390127 seconds (0d 0h 0m 13s)

---------------  T H R E A D  ---------------

Current thread (0x000002256f641dd0):  JavaThread "C2 CompilerThread0" daemon [_thread_in_native, id=9548, stack(0x000000b80c400000,0x000000b80c500000) (1024K)]


Current CompileTask:
C2:13390 3802 %     4       java.util.zip.ZipFile$Source::initCEN @ 261 (612 bytes)

Stack: [0x000000b80c400000,0x000000b80c500000]
Native frames: (J=compiled Java code, j=interpreted, Vv=VM code, C=native code)
V  [jvm.dll+0x6d6c99]
V  [jvm.dll+0x866b83]
V  [jvm.dll+0x8691ae]
V  [jvm.dll+0x869893]
V  [jvm.dll+0x280776]
V  [jvm.dll+0xc07cd]
V  [jvm.dll+0xc0d03]
V  [jvm.dll+0x3b9831]
V  [jvm.dll+0x3856a7]
V  [jvm.dll+0x384b1a]
V  [jvm.dll+0x249462]
V  [jvm.dll+0x248a31]
V  [jvm.dll+0x1c7344]
V  [jvm.dll+0x2581ae]
V  [jvm.dll+0x2566f6]
V  [jvm.dll+0x3f48a6]
V  [jvm.dll+0x80f118]
V  [jvm.dll+0x6d54ed]
C  [ucrtbase.dll+0x37b0]
C  [KERNEL32.DLL+0x2e8d7]
C  [ntdll.dll+0x8c48c]


---------------  P R O C E S S  ---------------

Threads class SMR info:
_java_thread_list=0x00000225772e3e70, length=41, elements={
0x0000022557906240, 0x000002256f5e3c90, 0x000002256f60b000, 0x000002256f60c5d0,
0x000002256f60e410, 0x000002256f62bab0, 0x000002256f636380, 0x000002256f637950,
0x000002256f641dd0, 0x000002256f64c900, 0x000002256f947270, 0x0000022576062f60,
0x0000022574cad7f0, 0x0000022574de99b0, 0x00000225744bf9f0, 0x0000022575814060,
0x000002257434c6b0, 0x000002257434c020, 0x000002257434cd40, 0x000002257434b300,
0x000002257434b990, 0x000002257434ac70, 0x000002257434d3d0, 0x000002257434a5e0,
0x0000022577706540, 0x0000022577709330, 0x0000022577707f80, 0x00000225777078f0,
0x0000022577708ca0, 0x0000022577705eb0, 0x000002257770a050, 0x000002257770a6e0,
0x00000225777099c0, 0x0000022577707260, 0x000002257770ad70, 0x000002257770b400,
0x000002257770ba90, 0x000002257770c120, 0x000002257770c7b0, 0x00000225741d1ea0,
0x00000225741d4600
}

Java Threads: ( => current thread )
  0x0000022557906240 JavaThread "main"                              [_thread_blocked, id=13736, stack(0x000000b80b500000,0x000000b80b600000) (1024K)]
  0x000002256f5e3c90 JavaThread "Common-Cleaner"             daemon [_thread_blocked, id=20728, stack(0x000000b80bd00000,0x000000b80be00000) (1024K)]
  0x000002256f60b000 JavaThread "Reference Handler"          daemon [_thread_blocked, id=10548, stack(0x000000b80be00000,0x000000b80bf00000) (1024K)]
  0x000002256f60c5d0 JavaThread "Finalizer"                  daemon [_thread_blocked, id=15532, stack(0x000000b80bf00000,0x000000b80c000000) (1024K)]
  0x000002256f60e410 JavaThread "Signal Dispatcher"          daemon [_thread_blocked, id=17780, stack(0x000000b80c000000,0x000000b80c100000) (1024K)]
  0x000002256f62bab0 JavaThread "Attach Listener"            daemon [_thread_blocked, id=21844, stack(0x000000b80c100000,0x000000b80c200000) (1024K)]
  0x000002256f636380 JavaThread "Service Thread"             daemon [_thread_blocked, id=2864, stack(0x000000b80c200000,0x000000b80c300000) (1024K)]
  0x000002256f637950 JavaThread "Monitor Deflation Thread"   daemon [_thread_blocked, id=4620, stack(0x000000b80c300000,0x000000b80c400000) (1024K)]
=>0x000002256f641dd0 JavaThread "C2 CompilerThread0"         daemon [_thread_in_native, id=9548, stack(0x000000b80c400000,0x000000b80c500000) (1024K)]
  0x000002256f64c900 JavaThread "C1 CompilerThread0"         daemon [_thread_blocked, id=9596, stack(0x000000b80c500000,0x000000b80c600000) (1024K)]
  0x000002256f947270 JavaThread "Notification Thread"        daemon [_thread_blocked, id=13768, stack(0x000000b80c600000,0x000000b80c700000) (1024K)]
  0x0000022576062f60 JavaThread "Daemon health stats"               [_thread_blocked, id=6336, stack(0x000000b80cb00000,0x000000b80cc00000) (1024K)]
  0x0000022574cad7f0 JavaThread "Incoming local TCP Connector on port 53153"        [_thread_in_native, id=20880, stack(0x000000b80cd00000,0x000000b80ce00000) (1024K)]
  0x0000022574de99b0 JavaThread "Daemon periodic checks"            [_thread_blocked, id=19460, stack(0x000000b80d300000,0x000000b80d400000) (1024K)]
  0x00000225744bf9f0 JavaThread "Daemon"                            [_thread_blocked, id=21076, stack(0x000000b80d400000,0x000000b80d500000) (1024K)]
  0x0000022575814060 JavaThread "Handler for socket connection from /127.0.0.1:53153 to /127.0.0.1:53154"        [_thread_in_native, id=376, stack(0x000000b80d500000,0x000000b80d600000) (1024K)]
  0x000002257434c6b0 JavaThread "Cancel handler"                    [_thread_blocked, id=15856, stack(0x000000b80d800000,0x000000b80d900000) (1024K)]
  0x000002257434c020 JavaThread "Daemon worker"                     [_thread_in_native, id=12520, stack(0x000000b80d900000,0x000000b80da00000) (1024K)]
  0x000002257434cd40 JavaThread "Asynchronous log dispatcher for DefaultDaemonConnection: socket connection from /127.0.0.1:53153 to /127.0.0.1:53154"        [_thread_blocked, id=19244, stack(0x000000b80da00000,0x000000b80db00000) (1024K)]
  0x000002257434b300 JavaThread "Stdin handler"                     [_thread_blocked, id=20700, stack(0x000000b80db00000,0x000000b80dc00000) (1024K)]
  0x000002257434b990 JavaThread "Daemon client event forwarder"        [_thread_blocked, id=10288, stack(0x000000b80dc00000,0x000000b80dd00000) (1024K)]
  0x000002257434ac70 JavaThread "Cache worker for journal cache (C:\Users\ACER\.gradle\caches\journal-1)"        [_thread_blocked, id=9072, stack(0x000000b80dd00000,0x000000b80de00000) (1024K)]
  0x000002257434d3d0 JavaThread "File lock request listener"        [_thread_in_native, id=15956, stack(0x000000b80de00000,0x000000b80df00000) (1024K)]
  0x000002257434a5e0 JavaThread "Cache worker for file hash cache (C:\Users\ACER\.gradle\caches\9.3.1\fileHashes)"        [_thread_blocked, id=12868, stack(0x000000b80df00000,0x000000b80e000000) (1024K)]
  0x0000022577706540 JavaThread "File lock release action executor"        [_thread_blocked, id=9888, stack(0x000000b80cc00000,0x000000b80cd00000) (1024K)]
  0x0000022577709330 JavaThread "Cache worker for file hash cache (D:\Android2\Lab2\.gradle\9.3.1\fileHashes)"        [_thread_blocked, id=7620, stack(0x000000b80e000000,0x000000b80e100000) (1024K)]
  0x0000022577707f80 JavaThread "Cache worker for Build Output Cleanup Cache (D:\Android2\Lab2\.gradle\buildOutputCleanup)"        [_thread_blocked, id=10284, stack(0x000000b80e100000,0x000000b80e200000) (1024K)]
  0x00000225777078f0 JavaThread "File watcher server"        daemon [_thread_in_native, id=21620, stack(0x000000b80e200000,0x000000b80e300000) (1024K)]
  0x0000022577708ca0 JavaThread "File watcher consumer"      daemon [_thread_blocked, id=5804, stack(0x000000b80e300000,0x000000b80e400000) (1024K)]
  0x0000022577705eb0 JavaThread "jar transforms"                    [_thread_blocked, id=8116, stack(0x000000b80e400000,0x000000b80e500000) (1024K)]
  0x000002257770a050 JavaThread "jar transforms Thread 2"           [_thread_blocked, id=5788, stack(0x000000b80e500000,0x000000b80e600000) (1024K)]
  0x000002257770a6e0 JavaThread "jar transforms Thread 3"           [_thread_blocked, id=20864, stack(0x000000b80e600000,0x000000b80e700000) (1024K)]
  0x00000225777099c0 JavaThread "jar transforms Thread 4"           [_thread_blocked, id=7440, stack(0x000000b80e700000,0x000000b80e800000) (1024K)]
  0x0000022577707260 JavaThread "jar transforms Thread 5"           [_thread_blocked, id=19668, stack(0x000000b80e800000,0x000000b80e900000) (1024K)]
  0x000002257770ad70 JavaThread "jar transforms Thread 6"           [_thread_blocked, id=18612, stack(0x000000b80e900000,0x000000b80ea00000) (1024K)]
  0x000002257770b400 JavaThread "jar transforms Thread 7"           [_thread_blocked, id=8504, stack(0x000000b80ea00000,0x000000b80eb00000) (1024K)]
  0x000002257770ba90 JavaThread "jar transforms Thread 8"           [_thread_blocked, id=4424, stack(0x000000b80eb00000,0x000000b80ec00000) (1024K)]
  0x000002257770c120 JavaThread "jar transforms Thread 9"           [_thread_blocked, id=5716, stack(0x000000b80ec00000,0x000000b80ed00000) (1024K)]
  0x000002257770c7b0 JavaThread "jar transforms Thread 10"          [_thread_blocked, id=2512, stack(0x000000b80ed00000,0x000000b80ee00000) (1024K)]
  0x00000225741d1ea0 JavaThread "jar transforms Thread 11"          [_thread_blocked, id=3300, stack(0x000000b80ee00000,0x000000b80ef00000) (1024K)]
  0x00000225741d4600 JavaThread "jar transforms Thread 12"          [_thread_blocked, id=2768, stack(0x000000b80ef00000,0x000000b80f000000) (1024K)]
Total: 41

Other Threads:
  0x000002256f58d240 VMThread "VM Thread"                           [id=8772, stack(0x000000b80bc00000,0x000000b80bd00000) (1024K)]
  0x000002256eb6e7a0 WatcherThread "VM Periodic Task Thread"        [id=10856, stack(0x000000b80bb00000,0x000000b80bc00000) (1024K)]
  0x000002255554d020 WorkerThread "GC Thread#0"                     [id=19960, stack(0x000000b80b600000,0x000000b80b700000) (1024K)]
  0x00000225742bc530 WorkerThread "GC Thread#1"                     [id=15828, stack(0x000000b80c700000,0x000000b80c800000) (1024K)]
  0x00000225743662c0 WorkerThread "GC Thread#2"                     [id=20828, stack(0x000000b80c800000,0x000000b80c900000) (1024K)]
  0x00000225748d3310 WorkerThread "GC Thread#3"                     [id=11048, stack(0x000000b80c900000,0x000000b80ca00000) (1024K)]
  0x0000022574d31400 WorkerThread "GC Thread#4"                     [id=21008, stack(0x000000b80ca00000,0x000000b80cb00000) (1024K)]
  0x00000225760e54f0 WorkerThread "GC Thread#5"                     [id=18828, stack(0x000000b80ce00000,0x000000b80cf00000) (1024K)]
  0x00000225760e4db0 WorkerThread "GC Thread#6"                     [id=13364, stack(0x000000b80cf00000,0x000000b80d000000) (1024K)]
  0x00000225760e5890 WorkerThread "GC Thread#7"                     [id=7068, stack(0x000000b80d000000,0x000000b80d100000) (1024K)]
  0x00000225760e3f30 WorkerThread "GC Thread#8"                     [id=17524, stack(0x000000b80d100000,0x000000b80d200000) (1024K)]
  0x00000225760e5150 WorkerThread "GC Thread#9"                     [id=6020, stack(0x000000b80d200000,0x000000b80d300000) (1024K)]
  0x000002255554e850 ConcurrentGCThread "G1 Main Marker"            [id=22804, stack(0x000000b80b700000,0x000000b80b800000) (1024K)]
  0x000002255796d710 WorkerThread "G1 Conc#0"                       [id=18308, stack(0x000000b80b800000,0x000000b80b900000) (1024K)]
  0x00000225760e42d0 WorkerThread "G1 Conc#1"                       [id=14708, stack(0x000000b80d600000,0x000000b80d700000) (1024K)]
  0x00000225760e4670 WorkerThread "G1 Conc#2"                       [id=17940, stack(0x000000b80d700000,0x000000b80d800000) (1024K)]
  0x00000225579ae9b0 ConcurrentGCThread "G1 Refine#0"               [id=2088, stack(0x000000b80b900000,0x000000b80ba00000) (1024K)]
  0x000002256ea45420 ConcurrentGCThread "G1 Service"                [id=13184, stack(0x000000b80ba00000,0x000000b80bb00000) (1024K)]
Total: 18

Threads with active compile tasks:
C2 CompilerThread0  13413 3802 %     4       java.util.zip.ZipFile$Source::initCEN @ 261 (612 bytes)
Total: 1

VM state: not at safepoint (normal execution)

VM Mutex/Monitor currently owned by a thread: None

Heap address: 0x0000000080000000, size: 2048 MB, Compressed Oops mode: 32-bit

CDS archive(s) not mapped
Compressed class space mapped at: 0x0000000100000000-0x0000000140000000, reserved size: 1073741824
Narrow klass base: 0x0000000000000000, Narrow klass shift: 3, Narrow klass range: 0x140000000

GC Precious Log:
 CardTable entry size: 512
 Card Set container configuration: InlinePtr #cards 5 size 8 Array Of Cards #cards 12 size 40 Howl #buckets 4 coarsen threshold 1843 Howl Bitmap #cards 512 size 80 coarsen threshold 460 Card regions per heap region 1 cards per card region 2048
 CPUs: 12 total, 12 available
 Memory: 7971M
 Large Page Support: Disabled
 NUMA Support: Disabled
 Compressed Oops: Enabled (32-bit)
 Heap Region Size: 1M
 Heap Min Capacity: 8M
 Heap Initial Capacity: 126M
 Heap Max Capacity: 2G
 Pre-touch: Disabled
 Parallel Workers: 10
 Concurrent Workers: 3
 Concurrent Refinement Workers: 10
 Periodic GC: Disabled

Heap:
 garbage-first heap   total 79872K, used 59234K [0x0000000080000000, 0x0000000100000000)
  region size 1024K, 28 young (28672K), 3 survivors (3072K)
 Metaspace       used 38642K, committed 39616K, reserved 1114112K
  class space    used 5227K, committed 5696K, reserved 1048576K

Heap Regions: E=young(eden), S=young(survivor), O=old, HS=humongous(starts), HC=humongous(continues), CS=collection set, F=free, TAMS=top-at-mark-start, PB=parsable bottom
|   0|0x0000000080000000, 0x0000000080100000, 0x0000000080100000|100%|HS|  |TAMS 0x0000000080000000| PB 0x0000000080000000| Complete 
|   1|0x0000000080100000, 0x0000000080200000, 0x0000000080200000|100%|HC|  |TAMS 0x0000000080100000| PB 0x0000000080100000| Complete 
|   2|0x0000000080200000, 0x0000000080300000, 0x0000000080300000|100%|HC|  |TAMS 0x0000000080200000| PB 0x0000000080200000| Complete 
|   3|0x0000000080300000, 0x0000000080400000, 0x0000000080400000|100%|HC|  |TAMS 0x0000000080300000| PB 0x0000000080300000| Complete 
|   4|0x0000000080400000, 0x0000000080500000, 0x0000000080500000|100%| O|  |TAMS 0x0000000080400000| PB 0x0000000080400000| Untracked 
|   5|0x0000000080500000, 0x0000000080600000, 0x0000000080600000|100%| O|  |TAMS 0x0000000080500000| PB 0x0000000080500000| Untracked 
|   6|0x0000000080600000, 0x0000000080700000, 0x0000000080700000|100%| O|  |TAMS 0x0000000080600000| PB 0x0000000080600000| Untracked 
|   7|0x0000000080700000, 0x0000000080800000, 0x0000000080800000|100%|HS|  |TAMS 0x0000000080700000| PB 0x0000000080700000| Complete 
|   8|0x0000000080800000, 0x0000000080900000, 0x0000000080900000|100%| O|  |TAMS 0x0000000080800000| PB 0x0000000080800000| Untracked 
|   9|0x0000000080900000, 0x0000000080a00000, 0x0000000080a00000|100%| O|Cm|TAMS 0x0000000080900000| PB 0x0000000080900000| Complete 
|  10|0x0000000080a00000, 0x0000000080b00000, 0x0000000080b00000|100%| O|  |TAMS 0x0000000080a00000| PB 0x0000000080a00000| Untracked 
|  11|0x0000000080b00000, 0x0000000080c00000, 0x0000000080c00000|100%| O|  |TAMS 0x0000000080b00000| PB 0x0000000080b00000| Untracked 
|  12|0x0000000080c00000, 0x0000000080d00000, 0x0000000080d00000|100%| O|  |TAMS 0x0000000080c00000| PB 0x0000000080c00000| Untracked 
|  13|0x0000000080d00000, 0x0000000080e00000, 0x0000000080e00000|100%| O|  |TAMS 0x0000000080d00000| PB 0x0000000080d00000| Untracked 
|  14|0x0000000080e00000, 0x0000000080f00000, 0x0000000080f00000|100%| O|  |TAMS 0x0000000080e00000| PB 0x0000000080e00000| Untracked 
|  15|0x0000000080f00000, 0x0000000081000000, 0x0000000081000000|100%| O|  |TAMS 0x0000000080f00000| PB 0x0000000080f00000| Untracked 
|  16|0x0000000081000000, 0x0000000081100000, 0x0000000081100000|100%| O|  |TAMS 0x0000000081000000| PB 0x0000000081000000| Untracked 
|  17|0x0000000081100000, 0x0000000081200000, 0x0000000081200000|100%| O|  |TAMS 0x0000000081100000| PB 0x0000000081100000| Untracked 
|  18|0x0000000081200000, 0x0000000081300000, 0x0000000081300000|100%| O|  |TAMS 0x0000000081200000| PB 0x0000000081200000| Untracked 
|  19|0x0000000081300000, 0x0000000081400000, 0x0000000081400000|100%| O|  |TAMS 0x0000000081300000| PB 0x0000000081300000| Untracked 
|  20|0x0000000081400000, 0x0000000081500000, 0x0000000081500000|100%| O|  |TAMS 0x0000000081400000| PB 0x0000000081400000| Untracked 
|  21|0x0000000081500000, 0x0000000081600000, 0x0000000081600000|100%| O|  |TAMS 0x0000000081500000| PB 0x0000000081500000| Untracked 
|  22|0x0000000081600000, 0x00000000816dbcd0, 0x0000000081700000| 85%| O|  |TAMS 0x0000000081600000| PB 0x0000000081600000| Untracked 
|  23|0x0000000081700000, 0x0000000081800000, 0x0000000081800000|100%|HS|  |TAMS 0x0000000081700000| PB 0x0000000081700000| Complete 
|  24|0x0000000081800000, 0x0000000081900000, 0x0000000081900000|100%|HC|  |TAMS 0x0000000081800000| PB 0x0000000081800000| Complete 
|  25|0x0000000081900000, 0x0000000081a00000, 0x0000000081a00000|100%|HC|  |TAMS 0x0000000081900000| PB 0x0000000081900000| Complete 
|  26|0x0000000081a00000, 0x0000000081b00000, 0x0000000081b00000|100%|HC|  |TAMS 0x0000000081a00000| PB 0x0000000081a00000| Complete 
|  27|0x0000000081b00000, 0x0000000081c00000, 0x0000000081c00000|100%|HC|  |TAMS 0x0000000081b00000| PB 0x0000000081b00000| Complete 
|  28|0x0000000081c00000, 0x0000000081d00000, 0x0000000081d00000|100%|HC|  |TAMS 0x0000000081c00000| PB 0x0000000081c00000| Complete 
|  29|0x0000000081d00000, 0x0000000081e00000, 0x0000000081e00000|100%|HS|  |TAMS 0x0000000081d00000| PB 0x0000000081d00000| Complete 
|  30|0x0000000081e00000, 0x0000000081f00000, 0x0000000081f00000|100%|HC|  |TAMS 0x0000000081e00000| PB 0x0000000081e00000| Complete 
|  31|0x0000000081f00000, 0x0000000081f00000, 0x0000000082000000|  0%| F|  |TAMS 0x0000000081f00000| PB 0x0000000081f00000| Untracked 
|  32|0x0000000082000000, 0x0000000082000000, 0x0000000082100000|  0%| F|  |TAMS 0x0000000082000000| PB 0x0000000082000000| Untracked 
|  33|0x0000000082100000, 0x0000000082100000, 0x0000000082200000|  0%| F|  |TAMS 0x0000000082100000| PB 0x0000000082100000| Untracked 
|  34|0x0000000082200000, 0x0000000082200000, 0x0000000082300000|  0%| F|  |TAMS 0x0000000082200000| PB 0x0000000082200000| Untracked 
|  35|0x0000000082300000, 0x0000000082300000, 0x0000000082400000|  0%| F|  |TAMS 0x0000000082300000| PB 0x0000000082300000| Untracked 
|  36|0x0000000082400000, 0x0000000082400000, 0x0000000082500000|  0%| F|  |TAMS 0x0000000082400000| PB 0x0000000082400000| Untracked 
|  37|0x0000000082500000, 0x0000000082500000, 0x0000000082600000|  0%| F|  |TAMS 0x0000000082500000| PB 0x0000000082500000| Untracked 
|  38|0x0000000082600000, 0x0000000082600000, 0x0000000082700000|  0%| F|  |TAMS 0x0000000082600000| PB 0x0000000082600000| Untracked 
|  39|0x0000000082700000, 0x0000000082700000, 0x0000000082800000|  0%| F|  |TAMS 0x0000000082700000| PB 0x0000000082700000| Untracked 
|  40|0x0000000082800000, 0x0000000082800000, 0x0000000082900000|  0%| F|  |TAMS 0x0000000082800000| PB 0x0000000082800000| Untracked 
|  41|0x0000000082900000, 0x0000000082900000, 0x0000000082a00000|  0%| F|  |TAMS 0x0000000082900000| PB 0x0000000082900000| Untracked 
|  42|0x0000000082a00000, 0x0000000082a00000, 0x0000000082b00000|  0%| F|  |TAMS 0x0000000082a00000| PB 0x0000000082a00000| Untracked 
|  43|0x0000000082b00000, 0x0000000082b00000, 0x0000000082c00000|  0%| F|  |TAMS 0x0000000082b00000| PB 0x0000000082b00000| Untracked 
|  44|0x0000000082c00000, 0x0000000082c00000, 0x0000000082d00000|  0%| F|  |TAMS 0x0000000082c00000| PB 0x0000000082c00000| Untracked 
|  45|0x0000000082d00000, 0x0000000082d00000, 0x0000000082e00000|  0%| F|  |TAMS 0x0000000082d00000| PB 0x0000000082d00000| Untracked 
|  46|0x0000000082e00000, 0x0000000082e00000, 0x0000000082f00000|  0%| F|  |TAMS 0x0000000082e00000| PB 0x0000000082e00000| Untracked 
|  47|0x0000000082f00000, 0x0000000082f00000, 0x0000000083000000|  0%| F|  |TAMS 0x0000000082f00000| PB 0x0000000082f00000| Untracked 
|  48|0x0000000083000000, 0x0000000083000000, 0x0000000083100000|  0%| F|  |TAMS 0x0000000083000000| PB 0x0000000083000000| Untracked 
|  49|0x0000000083100000, 0x0000000083100000, 0x0000000083200000|  0%| F|  |TAMS 0x0000000083100000| PB 0x0000000083100000| Untracked 
|  50|0x0000000083200000, 0x0000000083280000, 0x0000000083300000| 50%| E|  |TAMS 0x0000000083200000| PB 0x0000000083200000| Complete 
|  51|0x0000000083300000, 0x0000000083400000, 0x0000000083400000|100%| E|CS|TAMS 0x0000000083300000| PB 0x0000000083300000| Complete 
|  52|0x0000000083400000, 0x0000000083500000, 0x0000000083500000|100%| E|CS|TAMS 0x0000000083400000| PB 0x0000000083400000| Complete 
|  53|0x0000000083500000, 0x0000000083600000, 0x0000000083600000|100%| E|CS|TAMS 0x0000000083500000| PB 0x0000000083500000| Complete 
|  54|0x0000000083600000, 0x0000000083700000, 0x0000000083700000|100%| E|CS|TAMS 0x0000000083600000| PB 0x0000000083600000| Complete 
|  55|0x0000000083700000, 0x0000000083800000, 0x0000000083800000|100%| E|CS|TAMS 0x0000000083700000| PB 0x0000000083700000| Complete 
|  56|0x0000000083800000, 0x0000000083900000, 0x0000000083900000|100%| E|CS|TAMS 0x0000000083800000| PB 0x0000000083800000| Complete 
|  57|0x0000000083900000, 0x0000000083a00000, 0x0000000083a00000|100%| E|CS|TAMS 0x0000000083900000| PB 0x0000000083900000| Complete 
|  58|0x0000000083a00000, 0x0000000083b00000, 0x0000000083b00000|100%| E|CS|TAMS 0x0000000083a00000| PB 0x0000000083a00000| Complete 
|  59|0x0000000083b00000, 0x0000000083c00000, 0x0000000083c00000|100%| E|CS|TAMS 0x0000000083b00000| PB 0x0000000083b00000| Complete 
|  60|0x0000000083c00000, 0x0000000083d00000, 0x0000000083d00000|100%| E|CS|TAMS 0x0000000083c00000| PB 0x0000000083c00000| Complete 
|  61|0x0000000083d00000, 0x0000000083e00000, 0x0000000083e00000|100%| E|CS|TAMS 0x0000000083d00000| PB 0x0000000083d00000| Complete 
|  62|0x0000000083e00000, 0x0000000083f00000, 0x0000000083f00000|100%| E|CS|TAMS 0x0000000083e00000| PB 0x0000000083e00000| Complete 
|  63|0x0000000083f00000, 0x0000000084000000, 0x0000000084000000|100%| E|CS|TAMS 0x0000000083f00000| PB 0x0000000083f00000| Complete 
|  64|0x0000000084000000, 0x0000000084100000, 0x0000000084100000|100%| E|CS|TAMS 0x0000000084000000| PB 0x0000000084000000| Complete 
|  65|0x0000000084100000, 0x0000000084200000, 0x0000000084200000|100%| E|CS|TAMS 0x0000000084100000| PB 0x0000000084100000| Complete 
|  66|0x0000000084200000, 0x0000000084300000, 0x0000000084300000|100%| E|CS|TAMS 0x0000000084200000| PB 0x0000000084200000| Complete 
|  67|0x0000000084300000, 0x0000000084400000, 0x0000000084400000|100%| E|CS|TAMS 0x0000000084300000| PB 0x0000000084300000| Complete 
|  68|0x0000000084400000, 0x0000000084500000, 0x0000000084500000|100%| E|CS|TAMS 0x0000000084400000| PB 0x0000000084400000| Complete 
|  69|0x0000000084500000, 0x0000000084600000, 0x0000000084600000|100%| E|CS|TAMS 0x0000000084500000| PB 0x0000000084500000| Complete 
|  70|0x0000000084600000, 0x0000000084700000, 0x0000000084700000|100%| E|CS|TAMS 0x0000000084600000| PB 0x0000000084600000| Complete 
|  71|0x0000000084700000, 0x0000000084800000, 0x0000000084800000|100%| E|CS|TAMS 0x0000000084700000| PB 0x0000000084700000| Complete 
|  72|0x0000000084800000, 0x00000000848fcb40, 0x0000000084900000| 98%| S|CS|TAMS 0x0000000084800000| PB 0x0000000084800000| Complete 
|  73|0x0000000084900000, 0x0000000084a00000, 0x0000000084a00000|100%| S|CS|TAMS 0x0000000084900000| PB 0x0000000084900000| Complete 
|  74|0x0000000084a00000, 0x0000000084b00000, 0x0000000084b00000|100%| S|CS|TAMS 0x0000000084a00000| PB 0x0000000084a00000| Complete 
| 118|0x0000000087600000, 0x0000000087700000, 0x0000000087700000|100%| E|CS|TAMS 0x0000000087600000| PB 0x0000000087600000| Complete 
| 119|0x0000000087700000, 0x0000000087800000, 0x0000000087800000|100%| E|CS|TAMS 0x0000000087700000| PB 0x0000000087700000| Complete 
| 125|0x0000000087d00000, 0x0000000087e00000, 0x0000000087e00000|100%| E|CS|TAMS 0x0000000087d00000| PB 0x0000000087d00000| Complete 

Card table byte_map: [0x000002256a3a0000,0x000002256a7a0000] _byte_map_base: 0x0000022569fa0000

Marking Bits: (CMBitMap*) 0x000002255554de40
 Bits: [0x000002256a7a0000, 0x000002256c7a0000)

Polling page: 0x0000022555730000

Metaspace:

Usage:
  Non-class:     32.63 MB used.
      Class:      5.11 MB used.
       Both:     37.74 MB used.

Virtual space:
  Non-class space:       64.00 MB reserved,      33.12 MB ( 52%) committed,  1 nodes.
      Class space:        1.00 GB reserved,       5.56 MB ( <1%) committed,  1 nodes.
             Both:        1.06 GB reserved,      38.69 MB (  4%) committed. 

Chunk freelists:
   Non-Class:  14.29 MB
       Class:  10.37 MB
        Both:  24.66 MB

MaxMetaspaceSize: unlimited
CompressedClassSpaceSize: 1.00 GB
Initial GC threshold: 21.00 MB
Current GC threshold: 59.38 MB
CDS: off
 - commit_granule_bytes: 65536.
 - commit_granule_words: 8192.
 - virtual_space_node_default_size: 8388608.
 - enlarge_chunks_in_place: 1.
 - use_allocation_guard: 0.


Internal statistics:

num_allocs_failed_limit: 9.
num_arena_births: 1494.
num_arena_deaths: 0.
num_vsnodes_births: 2.
num_vsnodes_deaths: 0.
num_space_committed: 619.
num_space_uncommitted: 0.
num_chunks_returned_to_freelist: 9.
num_chunks_taken_from_freelist: 2763.
num_chunk_merges: 6.
num_chunk_splits: 1789.
num_chunks_enlarged: 1139.
num_inconsistent_stats: 0.

CodeHeap 'non-profiled nmethods': size=120000Kb used=2071Kb max_used=2400Kb free=117928Kb
 bounds [0x0000022562520000, 0x0000022562790000, 0x0000022569a50000]
CodeHeap 'profiled nmethods': size=120000Kb used=6363Kb max_used=7049Kb free=113636Kb
 bounds [0x000002255aa50000, 0x000002255b140000, 0x0000022561f80000]
CodeHeap 'non-nmethods': size=5760Kb used=1561Kb max_used=1589Kb free=4198Kb
 bounds [0x0000022561f80000, 0x00000225621f0000, 0x0000022562520000]
CodeCache: size=245760Kb, used=9995Kb, max_used=11038Kb, free=235762Kb
 total_blobs=3920, nmethods=3325, adapters=499, full_count=0
Compilation: enabled, stopped_count=0, restarted_count=0

Compilation events (20 events):
Event: 13.266 Thread 0x000002256f64c900 nmethod 3798 0x000002255aba0390 code [0x000002255aba0520, 0x000002255aba0640]
Event: 13.266 Thread 0x000002256f64c900 3801       1       org.gradle.cache.internal.btree.BlockPointer::getPos (5 bytes)
Event: 13.267 Thread 0x000002256f64c900 nmethod 3801 0x0000022562635010 code [0x00000225626351a0, 0x0000022562635268]
Event: 13.357 Thread 0x000002256f641dd0 3802 %     4       java.util.zip.ZipFile$Source::initCEN @ 261 (612 bytes)
Event: 13.368 Thread 0x000002256f64c900 3803       3       jdk.internal.reflect.ClassFileAssembler::emitConstantPoolMethodref (28 bytes)
Event: 13.368 Thread 0x000002256f64c900 nmethod 3803 0x000002255ab0f510 code [0x000002255ab0f760, 0x000002255ab0fe08]
Event: 13.368 Thread 0x000002256f64c900 3804       3       java.lang.reflect.AccessibleObject::checkCanSetAccessible (9 bytes)
Event: 13.368 Thread 0x000002256f64c900 nmethod 3804 0x000002255aa90c90 code [0x000002255aa90e40, 0x000002255aa90f80]
Event: 13.368 Thread 0x000002256f64c900 3805       3       java.lang.reflect.AccessibleObject::setAccessible0 (7 bytes)
Event: 13.368 Thread 0x000002256f64c900 nmethod 3805 0x000002255aaedc90 code [0x000002255aaede20, 0x000002255aaedf38]
Event: 13.369 Thread 0x000002256f64c900 3806       3       java.io.DataOutputStream::writeUTF (389 bytes)
Event: 13.370 Thread 0x000002256f64c900 nmethod 3806 0x000002255af3ac10 code [0x000002255af3b020, 0x000002255af3d238]
Event: 13.370 Thread 0x000002256f64c900 3809       3       java.net.URI::isOpaque (13 bytes)
Event: 13.371 Thread 0x000002256f64c900 nmethod 3809 0x000002255ab6cb90 code [0x000002255ab6cd20, 0x000002255ab6ce80]
Event: 13.371 Thread 0x000002256f64c900 3808       3       java.net.URL::toURI (54 bytes)
Event: 13.371 Thread 0x000002256f64c900 nmethod 3808 0x000002255ab69490 code [0x000002255ab69780, 0x000002255ab6a708]
Event: 13.371 Thread 0x000002256f64c900 3807       1       com.google.common.cache.LocalCache$2::offer (2 bytes)
Event: 13.371 Thread 0x000002256f64c900 nmethod 3807 0x0000022562634a90 code [0x0000022562634c20, 0x0000022562634ce8]
Event: 13.380 Thread 0x000002256f64c900 3810       3       jdk.internal.reflect.ClassFileAssembler::emitConstantPoolNameAndType (28 bytes)
Event: 13.380 Thread 0x000002256f64c900 nmethod 3810 0x000002255aead210 code [0x000002255aead460, 0x000002255aeadb08]

GC Heap History (16 events):
Event: 2.030 GC heap before
{Heap before GC invocations=0 (full 0):
 garbage-first heap   total 129024K, used 23552K [0x0000000080000000, 0x0000000100000000)
  region size 1024K, 23 young (23552K), 0 survivors (0K)
 Metaspace       used 7878K, committed 8000K, reserved 1114112K
  class space    used 734K, committed 768K, reserved 1048576K
}
Event: 2.033 GC heap after
{Heap after GC invocations=1 (full 0):
 garbage-first heap   total 129024K, used 1343K [0x0000000080000000, 0x0000000100000000)
  region size 1024K, 2 young (2048K), 2 survivors (2048K)
 Metaspace       used 7878K, committed 8000K, reserved 1114112K
  class space    used 734K, committed 768K, reserved 1048576K
}
Event: 3.017 GC heap before
{Heap before GC invocations=1 (full 0):
 garbage-first heap   total 129024K, used 42303K [0x0000000080000000, 0x0000000100000000)
  region size 1024K, 39 young (39936K), 2 survivors (2048K)
 Metaspace       used 11856K, committed 11968K, reserved 1114112K
  class space    used 1277K, committed 1344K, reserved 1048576K
}
Event: 3.021 GC heap after
{Heap after GC invocations=2 (full 0):
 garbage-first heap   total 129024K, used 11312K [0x0000000080000000, 0x0000000100000000)
  region size 1024K, 5 young (5120K), 5 survivors (5120K)
 Metaspace       used 11856K, committed 11968K, reserved 1114112K
  class space    used 1277K, committed 1344K, reserved 1048576K
}
Event: 4.127 GC heap before
{Heap before GC invocations=2 (full 0):
 garbage-first heap   total 129024K, used 82992K [0x0000000080000000, 0x0000000100000000)
  region size 1024K, 75 young (76800K), 5 survivors (5120K)
 Metaspace       used 12805K, committed 12992K, reserved 1114112K
  class space    used 1398K, committed 1472K, reserved 1048576K
}
Event: 4.132 GC heap after
{Heap after GC invocations=3 (full 0):
 garbage-first heap   total 129024K, used 12817K [0x0000000080000000, 0x0000000100000000)
  region size 1024K, 7 young (7168K), 7 survivors (7168K)
 Metaspace       used 12805K, committed 12992K, reserved 1114112K
  class space    used 1398K, committed 1472K, reserved 1048576K
}
Event: 5.819 GC heap before
{Heap before GC invocations=3 (full 0):
 garbage-first heap   total 129024K, used 84497K [0x0000000080000000, 0x0000000100000000)
  region size 1024K, 75 young (76800K), 7 survivors (7168K)
 Metaspace       used 19821K, committed 20096K, reserved 1114112K
  class space    used 2287K, committed 2432K, reserved 1048576K
}
Event: 5.826 GC heap after
{Heap after GC invocations=4 (full 0):
 garbage-first heap   total 129024K, used 20763K [0x0000000080000000, 0x0000000100000000)
  region size 1024K, 8 young (8192K), 8 survivors (8192K)
 Metaspace       used 19821K, committed 20096K, reserved 1114112K
  class space    used 2287K, committed 2432K, reserved 1048576K
}
Event: 6.017 GC heap before
{Heap before GC invocations=4 (full 0):
 garbage-first heap   total 129024K, used 25883K [0x0000000080000000, 0x0000000100000000)
  region size 1024K, 14 young (14336K), 8 survivors (8192K)
 Metaspace       used 21237K, committed 21504K, reserved 1114112K
  class space    used 2487K, committed 2624K, reserved 1048576K
}
Event: 6.021 GC heap after
{Heap after GC invocations=5 (full 0):
 garbage-first heap   total 129024K, used 21600K [0x0000000080000000, 0x0000000100000000)
  region size 1024K, 2 young (2048K), 2 survivors (2048K)
 Metaspace       used 21237K, committed 21504K, reserved 1114112K
  class space    used 2487K, committed 2624K, reserved 1048576K
}
Event: 10.246 GC heap before
{Heap before GC invocations=6 (full 0):
 garbage-first heap   total 75776K, used 73824K [0x0000000080000000, 0x0000000100000000)
  region size 1024K, 52 young (53248K), 2 survivors (2048K)
 Metaspace       used 30158K, committed 30656K, reserved 1114112K
  class space    used 3742K, committed 3968K, reserved 1048576K
}
Event: 10.250 GC heap after
{Heap after GC invocations=7 (full 0):
 garbage-first heap   total 79872K, used 23762K [0x0000000080000000, 0x0000000100000000)
  region size 1024K, 4 young (4096K), 4 survivors (4096K)
 Metaspace       used 30158K, committed 30656K, reserved 1114112K
  class space    used 3742K, committed 3968K, reserved 1048576K
}
Event: 12.254 GC heap before
{Heap before GC invocations=7 (full 0):
 garbage-first heap   total 79872K, used 61650K [0x0000000080000000, 0x0000000100000000)
  region size 1024K, 42 young (43008K), 4 survivors (4096K)
 Metaspace       used 35378K, committed 36096K, reserved 1114112K
  class space    used 4626K, committed 4992K, reserved 1048576K
}
Event: 12.258 GC heap after
{Heap after GC invocations=8 (full 0):
 garbage-first heap   total 79872K, used 25884K [0x0000000080000000, 0x0000000100000000)
  region size 1024K, 5 young (5120K), 5 survivors (5120K)
 Metaspace       used 35378K, committed 36096K, reserved 1114112K
  class space    used 4626K, committed 4992K, reserved 1048576K
}
Event: 12.368 GC heap before
{Heap before GC invocations=8 (full 0):
 garbage-first heap   total 79872K, used 27932K [0x0000000080000000, 0x0000000100000000)
  region size 1024K, 8 young (8192K), 5 survivors (5120K)
 Metaspace       used 35697K, committed 36416K, reserved 1114112K
  class space    used 4670K, committed 5056K, reserved 1048576K
}
Event: 12.372 GC heap after
{Heap after GC invocations=9 (full 0):
 garbage-first heap   total 79872K, used 26466K [0x0000000080000000, 0x0000000100000000)
  region size 1024K, 3 young (3072K), 3 survivors (3072K)
 Metaspace       used 35697K, committed 36416K, reserved 1114112K
  class space    used 4670K, committed 5056K, reserved 1048576K
}

Dll operation events (3 events):
Event: 0.025 Loaded shared library D:\Androidstudio\jbr\bin\java.dll
Event: 0.031 Loaded shared library D:\Androidstudio\jbr\bin\zip.dll
Event: 2.673 Loaded shared library D:\Androidstudio\jbr\bin\verify.dll

Deoptimization events (20 events):
Event: 13.361 Thread 0x000002257434c020 Uncommon trap: trap_request=0xffffff45 fr.pc=0x000002256273ea98 relative=0x0000000000006718
Event: 13.361 Thread 0x000002257434c020 Uncommon trap: reason=unstable_if action=reinterpret pc=0x000002256273ea98 method=java.util.zip.ZipFile.getInputStream(Ljava/util/zip/ZipEntry;)Ljava/io/InputStream; @ 101 c2
Event: 13.361 Thread 0x000002257434c020 DEOPT PACKING pc=0x000002256273ea98 sp=0x000000b80d9fbc10
Event: 13.361 Thread 0x000002257434c020 DEOPT UNPACKING pc=0x0000022561fd7aa2 sp=0x000000b80d9fb798 mode 2
Event: 13.365 Thread 0x000002257434c020 Uncommon trap: trap_request=0xffffffc6 fr.pc=0x00000225626ef740 relative=0x0000000000004d20
Event: 13.365 Thread 0x000002257434c020 Uncommon trap: reason=bimorphic_or_optimized_type_check action=maybe_recompile pc=0x00000225626ef740 method=java.lang.ClassLoader.loadClass(Ljava/lang/String;Z)Ljava/lang/Class; @ 38 c2
Event: 13.365 Thread 0x000002257434c020 DEOPT PACKING pc=0x00000225626ef740 sp=0x000000b80d9fa140
Event: 13.365 Thread 0x000002257434c020 DEOPT UNPACKING pc=0x0000022561fd7aa2 sp=0x000000b80d9fa160 mode 2
Event: 13.367 Thread 0x000002257434c020 Uncommon trap: trap_request=0xffffffc6 fr.pc=0x00000225626ef740 relative=0x0000000000004d20
Event: 13.367 Thread 0x000002257434c020 Uncommon trap: reason=bimorphic_or_optimized_type_check action=maybe_recompile pc=0x00000225626ef740 method=java.lang.ClassLoader.loadClass(Ljava/lang/String;Z)Ljava/lang/Class; @ 38 c2
Event: 13.367 Thread 0x000002257434c020 DEOPT PACKING pc=0x00000225626ef740 sp=0x000000b80d9fa380
Event: 13.367 Thread 0x000002257434c020 DEOPT UNPACKING pc=0x0000022561fd7aa2 sp=0x000000b80d9fa3a0 mode 2
Event: 13.367 Thread 0x000002257434c020 Uncommon trap: trap_request=0xffffffc6 fr.pc=0x00000225626ef740 relative=0x0000000000004d20
Event: 13.367 Thread 0x000002257434c020 Uncommon trap: reason=bimorphic_or_optimized_type_check action=maybe_recompile pc=0x00000225626ef740 method=java.lang.ClassLoader.loadClass(Ljava/lang/String;Z)Ljava/lang/Class; @ 38 c2
Event: 13.367 Thread 0x000002257434c020 DEOPT PACKING pc=0x00000225626ef740 sp=0x000000b80d9fb5e0
Event: 13.367 Thread 0x000002257434c020 DEOPT UNPACKING pc=0x0000022561fd7aa2 sp=0x000000b80d9fb600 mode 2
Event: 13.369 Thread 0x000002257434c020 Uncommon trap: trap_request=0xffffff45 fr.pc=0x000002256272c708 relative=0x0000000000006768
Event: 13.369 Thread 0x000002257434c020 Uncommon trap: reason=unstable_if action=reinterpret pc=0x000002256272c708 method=java.net.URLClassLoader.getAndVerifyPackage(Ljava/lang/String;Ljava/util/jar/Manifest;Ljava/net/URL;)Ljava/lang/Package; @ 62 c2
Event: 13.369 Thread 0x000002257434c020 DEOPT PACKING pc=0x000002256272c708 sp=0x000000b80d9fb8b0
Event: 13.369 Thread 0x000002257434c020 DEOPT UNPACKING pc=0x0000022561fd7aa2 sp=0x000000b80d9fb7a0 mode 2

Classes loaded (20 events):
Event: 12.841 Loading class java/util/stream/SliceOps
Event: 12.841 Loading class java/util/stream/SliceOps done
Event: 12.841 Loading class java/util/stream/SliceOps$1
Event: 12.842 Loading class java/util/stream/ReferencePipeline$StatefulOp
Event: 12.842 Loading class java/util/stream/ReferencePipeline$StatefulOp done
Event: 12.842 Loading class java/util/stream/SliceOps$1 done
Event: 12.847 Loading class java/util/stream/SliceOps$1$1
Event: 12.847 Loading class java/util/stream/SliceOps$1$1 done
Event: 12.944 Loading class java/util/concurrent/TimeoutException
Event: 12.944 Loading class java/util/concurrent/TimeoutException done
Event: 12.944 Loading class java/util/concurrent/CancellationException
Event: 12.944 Loading class java/util/concurrent/CancellationException done
Event: 12.982 Loading class java/util/concurrent/locks/AbstractQueuedSynchronizer$SharedNode
Event: 12.982 Loading class java/util/concurrent/locks/AbstractQueuedSynchronizer$SharedNode done
Event: 12.988 Loading class java/util/ArrayDeque$DeqSpliterator
Event: 12.988 Loading class java/util/ArrayDeque$DeqSpliterator done
Event: 13.018 Loading class java/nio/charset/CharacterCodingException
Event: 13.018 Loading class java/nio/charset/CharacterCodingException done
Event: 13.021 Loading class java/lang/Short$ShortCache
Event: 13.021 Loading class java/lang/Short$ShortCache done

Classes unloaded (0 events):
No events

Classes redefined (0 events):
No events

Internal exceptions (20 events):
Event: 12.575 Thread 0x000002257434c020 Exception <a 'java/lang/NoSuchMethodError'{0x0000000087686ba0}: 'java.lang.Object java.lang.invoke.DelegatingMethodHandle$Holder.delegate(java.lang.Object, java.lang.Object, java.lang.Object, java.lang.Object, java.lang.Object, java.lang.Object, java.lang.Object, java.lang.Object, java.lang.Object, java.lang.Object, java.lang.Object, java.lang.Object, java.lang.Object, java.lang.Object, java.lang.Object, java.lang.Object, java.lang.Object, java.lang.Object, java.lang.Object, java.lang.Object, java.lang.Obj
Event: 12.632 Thread 0x000002257434c020 Exception <a 'java/lang/NoSuchMethodError'{0x000000008467de38}: 'java.lang.Object java.lang.invoke.DirectMethodHandle$Holder.invokeStaticInit(java.lang.Object, java.lang.Object, java.lang.Object, java.lang.Object)'> (0x000000008467de38) 
thrown [s\src\hotspot\share\interpreter\linkResolver.cpp, line 784]
Event: 12.699 Thread 0x000002257434c020 Exception <a 'java/lang/NoSuchMethodError'{0x0000000084334fa8}: 'java.lang.Object java.lang.invoke.DirectMethodHandle$Holder.invokeVirtual(java.lang.Object, java.lang.Object, java.lang.Object, java.lang.Object, java.lang.Object, java.lang.Object, java.lang.Object, java.lang.Object, java.lang.Object, java.lang.Object, java.lang.Object, java.lang.Object, java.lang.Object)'> (0x0000000084334fa8) 
thrown [s\src\hotspot\share\interpreter\linkResolver.cpp, line 784]
Event: 12.700 Thread 0x000002257434c020 Exception <a 'java/lang/NoSuchMethodError'{0x000000008433a1e0}: 'java.lang.Object java.lang.invoke.DirectMethodHandle$Holder.invokeSpecial(java.lang.Object, java.lang.Object, java.lang.Object, java.lang.Object, java.lang.Object, java.lang.Object, java.lang.Object, java.lang.Object, java.lang.Object, java.lang.Object, java.lang.Object, java.lang.Object, java.lang.Object, java.lang.Object)'> (0x000000008433a1e0) 
thrown [s\src\hotspot\share\interpreter\linkResolver.cpp, line 784]
Event: 12.702 Thread 0x000002257434c020 Exception <a 'java/lang/NoSuchMethodError'{0x000000008433ef30}: 'java.lang.Object java.lang.invoke.DelegatingMethodHandle$Holder.reinvoke_L(java.lang.Object, java.lang.Object, java.lang.Object, java.lang.Object, java.lang.Object, java.lang.Object, java.lang.Object, java.lang.Object, java.lang.Object, java.lang.Object, java.lang.Object, java.lang.Object, java.lang.Object)'> (0x000000008433ef30) 
thrown [s\src\hotspot\share\interpreter\linkResolver.cpp, line 784]
Event: 12.765 Thread 0x000002257434c020 Exception <a 'java/lang/NoSuchMethodError'{0x000000008413a458}: 'java.lang.Object java.lang.invoke.DirectMethodHandle$Holder.newInvokeSpecial(java.lang.Object, java.lang.Object, java.lang.Object, java.lang.Object, java.lang.Object, java.lang.Object, java.lang.Object, java.lang.Object)'> (0x000000008413a458) 
thrown [s\src\hotspot\share\interpreter\linkResolver.cpp, line 784]
Event: 12.791 Thread 0x000002257434c020 Exception <a 'java/lang/NoSuchMethodError'{0x000000008409a5f0}: 'java.lang.Object java.lang.invoke.DirectMethodHandle$Holder.newInvokeSpecial(java.lang.Object, java.lang.Object, java.lang.Object, java.lang.Object, java.lang.Object, java.lang.Object, java.lang.Object, java.lang.Object, java.lang.Object, java.lang.Object, java.lang.Object, java.lang.Object)'> (0x000000008409a5f0) 
thrown [s\src\hotspot\share\interpreter\linkResolver.cpp, line 784]
Event: 12.872 Thread 0x000002257434c020 Exception <a 'sun/nio/fs/WindowsException'{0x0000000083def708}> (0x0000000083def708) 
thrown [s\src\hotspot\share\prims\jni.cpp, line 537]
Event: 12.875 Thread 0x000002257434c020 Exception <a 'java/lang/IncompatibleClassChangeError'{0x0000000083c012a8}: Found class java.lang.Object, but interface was expected> (0x0000000083c012a8) 
thrown [s\src\hotspot\share\interpreter\linkResolver.cpp, line 851]
Event: 12.920 Thread 0x000002257434c020 Exception <a 'sun/nio/fs/WindowsException'{0x0000000083c04328}> (0x0000000083c04328) 
thrown [s\src\hotspot\share\prims\jni.cpp, line 537]
Event: 13.028 Thread 0x000002257434c020 Exception <a 'sun/nio/fs/WindowsException'{0x00000000839655e0}> (0x00000000839655e0) 
thrown [s\src\hotspot\share\prims\jni.cpp, line 537]
Event: 13.058 Thread 0x000002257434c020 Exception <a 'java/lang/NoSuchMethodError'{0x00000000839b8d10}: 'java.lang.Object java.lang.invoke.DirectMethodHandle$Holder.newInvokeSpecial(java.lang.Object, java.lang.Object, long)'> (0x00000000839b8d10) 
thrown [s\src\hotspot\share\interpreter\linkResolver.cpp, line 784]
Event: 13.058 Thread 0x000002257434c020 Exception <a 'java/lang/NoSuchMethodError'{0x00000000839bce08}: 'java.lang.Object java.lang.invoke.Invokers$Holder.linkToTargetMethod(java.lang.Object, long, java.lang.Object)'> (0x00000000839bce08) 
thrown [s\src\hotspot\share\interpreter\linkResolver.cpp, line 784]
Event: 13.127 Thread 0x000002257434c020 Exception <a 'java/lang/NoSuchMethodError'{0x0000000083719bc8}: 'int java.lang.invoke.DirectMethodHandle$Holder.invokeInterface(java.lang.Object, java.lang.Object)'> (0x0000000083719bc8) 
thrown [s\src\hotspot\share\interpreter\linkResolver.cpp, line 784]
Event: 13.131 Thread 0x000002257434c020 Exception <a 'java/lang/NoSuchMethodError'{0x000000008373d2a8}: 'java.lang.Object java.lang.invoke.DirectMethodHandle$Holder.invokeStatic(java.lang.Object, java.lang.Object, int, java.lang.Object)'> (0x000000008373d2a8) 
thrown [s\src\hotspot\share\interpreter\linkResolver.cpp, line 784]
Event: 13.131 Thread 0x000002257434c020 Exception <a 'java/lang/NoSuchMethodError'{0x00000000837441a0}: 'java.lang.Object java.lang.invoke.DirectMethodHandle$Holder.newInvokeSpecial(java.lang.Object, java.lang.Object, int, java.lang.Object)'> (0x00000000837441a0) 
thrown [s\src\hotspot\share\interpreter\linkResolver.cpp, line 784]
Event: 13.132 Thread 0x000002257434c020 Exception <a 'java/lang/NoSuchMethodError'{0x0000000083748698}: 'java.lang.Object java.lang.invoke.DirectMethodHandle$Holder.invokeSpecial(java.lang.Object, java.lang.Object, java.lang.Object, int, java.lang.Object)'> (0x0000000083748698) 
thrown [s\src\hotspot\share\interpreter\linkResolver.cpp, line 784]
Event: 13.211 Thread 0x0000022577707260 Exception <a 'sun/nio/fs/WindowsException'{0x00000000836fa310}> (0x00000000836fa310) 
thrown [s\src\hotspot\share\prims\jni.cpp, line 537]
Event: 13.369 Thread 0x000002257434c020 Exception <a 'java/lang/NoSuchMethodError'{0x00000000833cc160}: static Lorg/gradle/tooling/internal/consumer/connection/InternalPhasedActionAdapter;.<clinit>()V> (0x00000000833cc160) 
thrown [s\src\hotspot\share\prims\jni.cpp, line 1144]
Event: 13.381 Thread 0x000002257434c020 Exception <a 'java/lang/NoSuchMethodError'{0x0000000083200860}: static Lorg/gradle/tooling/internal/consumer/connection/InternalBuildActionAdapter;.<clinit>()V> (0x0000000083200860) 
thrown [s\src\hotspot\share\prims\jni.cpp, line 1144]

ZGC Phase Switch (0 events):
No events

VM Operations (20 events):
Event: 10.019 Executing VM operation: HandshakeAllThreads (Deoptimize)
Event: 10.019 Executing VM operation: HandshakeAllThreads (Deoptimize) done
Event: 10.019 Executing VM operation: HandshakeAllThreads (Deoptimize)
Event: 10.019 Executing VM operation: HandshakeAllThreads (Deoptimize) done
Event: 10.246 Executing VM operation: G1CollectForAllocation (G1 Evacuation Pause)
Event: 10.250 Executing VM operation: G1CollectForAllocation (G1 Evacuation Pause) done
Event: 11.259 Executing VM operation: Cleanup
Event: 11.259 Executing VM operation: Cleanup done
Event: 12.254 Executing VM operation: CollectForMetadataAllocation (Metadata GC Threshold)
Event: 12.258 Executing VM operation: CollectForMetadataAllocation (Metadata GC Threshold) done
Event: 12.368 Executing VM operation: CollectForMetadataAllocation (Metadata GC Threshold)
Event: 12.373 Executing VM operation: CollectForMetadataAllocation (Metadata GC Threshold) done
Event: 12.400 Executing VM operation: G1PauseRemark
Event: 12.405 Executing VM operation: G1PauseRemark done
Event: 12.416 Executing VM operation: G1PauseCleanup
Event: 12.418 Executing VM operation: G1PauseCleanup done
Event: 12.843 Executing VM operation: HandshakeAllThreads (Deoptimize)
Event: 12.843 Executing VM operation: HandshakeAllThreads (Deoptimize) done
Event: 13.091 Executing VM operation: HandshakeAllThreads (Deoptimize)
Event: 13.091 Executing VM operation: HandshakeAllThreads (Deoptimize) done

Memory protections (0 events):
No events

Nmethod flushes (20 events):
Event: 12.403 Thread 0x000002256f58d240 flushing  nmethod 0x000002255aa82810
Event: 12.403 Thread 0x000002256f58d240 flushing  nmethod 0x000002255aa82b90
Event: 12.403 Thread 0x000002256f58d240 flushing  nmethod 0x000002255aa83990
Event: 12.403 Thread 0x000002256f58d240 flushing  nmethod 0x000002255aa86890
Event: 12.403 Thread 0x000002256f58d240 flushing  nmethod 0x000002255aa86c10
Event: 12.403 Thread 0x000002256f58d240 flushing  nmethod 0x000002255aae1f10
Event: 12.403 Thread 0x000002256f58d240 flushing  nmethod 0x000002255aae4510
Event: 12.403 Thread 0x000002256f58d240 flushing  nmethod 0x000002255aae5310
Event: 12.403 Thread 0x000002256f58d240 flushing  nmethod 0x000002255aae5690
Event: 12.403 Thread 0x000002256f58d240 flushing  nmethod 0x000002255aae7090
Event: 12.403 Thread 0x000002256f58d240 flushing  nmethod 0x000002255aae7590
Event: 12.403 Thread 0x000002256f58d240 flushing  nmethod 0x000002255ab5c310
Event: 12.403 Thread 0x000002256f58d240 flushing  nmethod 0x000002255aba6110
Event: 12.403 Thread 0x000002256f58d240 flushing  nmethod 0x000002255aba6a90
Event: 12.403 Thread 0x000002256f58d240 flushing  nmethod 0x000002255aba8110
Event: 12.403 Thread 0x000002256f58d240 flushing  nmethod 0x000002255abaed90
Event: 12.403 Thread 0x000002256f58d240 flushing  nmethod 0x000002255abb2a90
Event: 12.403 Thread 0x000002256f58d240 flushing  nmethod 0x000002255abb5190
Event: 12.403 Thread 0x000002256f58d240 flushing  nmethod 0x000002255acac110
Event: 12.403 Thread 0x000002256f58d240 flushing  nmethod 0x000002255acb2d10

Events (20 events):
Event: 7.259 Thread 0x0000022574c04c10 Thread exited: 0x0000022574c04c10
Event: 9.329 Thread 0x000002257434d3d0 Thread added: 0x0000022577706540
Event: 10.011 Thread 0x000002256f64c900 Thread added: 0x000002257673ff30
Event: 10.660 Thread 0x000002257673ff30 Thread exited: 0x000002257673ff30
Event: 12.510 Thread 0x000002257434c020 Thread added: 0x0000022577709330
Event: 12.549 Thread 0x000002257434c020 Thread added: 0x0000022577707f80
Event: 12.982 Thread 0x000002257434c020 Thread added: 0x00000225777078f0
Event: 12.986 Thread 0x000002257434c020 Thread added: 0x0000022577708ca0
Event: 13.205 Thread 0x000002257434c020 Thread added: 0x0000022577705eb0
Event: 13.206 Thread 0x000002257434c020 Thread added: 0x000002257770a050
Event: 13.206 Thread 0x000002257434c020 Thread added: 0x000002257770a6e0
Event: 13.206 Thread 0x000002257434c020 Thread added: 0x00000225777099c0
Event: 13.206 Thread 0x000002257434c020 Thread added: 0x0000022577707260
Event: 13.206 Thread 0x000002257434c020 Thread added: 0x000002257770ad70
Event: 13.206 Thread 0x000002257434c020 Thread added: 0x000002257770b400
Event: 13.206 Thread 0x000002257434c020 Thread added: 0x000002257770ba90
Event: 13.206 Thread 0x000002257434c020 Thread added: 0x000002257770c120
Event: 13.206 Thread 0x000002257434c020 Thread added: 0x000002257770c7b0
Event: 13.206 Thread 0x000002257434c020 Thread added: 0x00000225741d1ea0
Event: 13.206 Thread 0x000002257434c020 Thread added: 0x00000225741d4600


Dynamic libraries:
0x00007ff78c550000 - 0x00007ff78c55a000 	D:\Androidstudio\jbr\bin\java.exe
0x00007ffe23960000 - 0x00007ffe23bc7000 	C:\WINDOWS\SYSTEM32\ntdll.dll
0x00007ffe218b0000 - 0x00007ffe21979000 	C:\WINDOWS\System32\KERNEL32.DLL
0x00007ffe20490000 - 0x00007ffe20881000 	C:\WINDOWS\System32\KERNELBASE.dll
0x00007ffe1cef0000 - 0x00007ffe1cf8f000 	C:\WINDOWS\SYSTEM32\apphelp.dll
0x00007ffe20ac0000 - 0x00007ffe20c0b000 	C:\WINDOWS\System32\ucrtbase.dll
0x00007ffe03820000 - 0x00007ffe03838000 	D:\Androidstudio\jbr\bin\jli.dll
0x00007ffe069d0000 - 0x00007ffe069eb000 	D:\Androidstudio\jbr\bin\VCRUNTIME140.dll
0x00007ffe22160000 - 0x00007ffe22325000 	C:\WINDOWS\System32\USER32.dll
0x00007ffe20460000 - 0x00007ffe20487000 	C:\WINDOWS\System32\win32u.dll
0x00007ffe21e00000 - 0x00007ffe21e2b000 	C:\WINDOWS\System32\GDI32.dll
0x00007ffe21540000 - 0x00007ffe2166b000 	C:\WINDOWS\System32\gdi32full.dll
0x00007ffe203b0000 - 0x00007ffe20453000 	C:\WINDOWS\System32\msvcp_win.dll
0x00007ffe1f440000 - 0x00007ffe1f6d3000 	C:\WINDOWS\WinSxS\amd64_microsoft.windows.common-controls_6595b64144ccf1df_6.0.26100.8037_none_3e092faae333b53b\COMCTL32.dll
0x00007ffe23870000 - 0x00007ffe23919000 	C:\WINDOWS\System32\msvcrt.dll
0x00007ffe21800000 - 0x00007ffe21831000 	C:\WINDOWS\System32\IMM32.DLL
0x00007ffe1c4c0000 - 0x00007ffe1c4cc000 	D:\Androidstudio\jbr\bin\vcruntime140_1.dll
0x00007ffe03370000 - 0x00007ffe033fd000 	D:\Androidstudio\jbr\bin\msvcp140.dll
0x00007ffdaf9f0000 - 0x00007ffdb0686000 	D:\Androidstudio\jbr\bin\server\jvm.dll
0x00007ffe21c60000 - 0x00007ffe21d1b000 	C:\WINDOWS\System32\ADVAPI32.dll
0x00007ffe22d00000 - 0x00007ffe22da7000 	C:\WINDOWS\System32\sechost.dll
0x00007ffe22be0000 - 0x00007ffe22cf8000 	C:\WINDOWS\System32\RPCRT4.dll
0x00007ffe21be0000 - 0x00007ffe21c54000 	C:\WINDOWS\System32\WS2_32.dll
0x00007ffe200a0000 - 0x00007ffe200fe000 	C:\WINDOWS\SYSTEM32\POWRPROF.dll
0x00007ffe0f350000 - 0x00007ffe0f35b000 	C:\WINDOWS\SYSTEM32\VERSION.dll
0x00007ffe0be80000 - 0x00007ffe0beb5000 	C:\WINDOWS\SYSTEM32\WINMM.dll
0x00007ffe20080000 - 0x00007ffe20094000 	C:\WINDOWS\SYSTEM32\UMPDC.dll
0x00007ffe1e880000 - 0x00007ffe1e89b000 	C:\WINDOWS\SYSTEM32\kernel.appcore.dll
0x00007ffe1a910000 - 0x00007ffe1a91a000 	D:\Androidstudio\jbr\bin\jimage.dll
0x00007ffe1f9f0000 - 0x00007ffe1fc32000 	C:\WINDOWS\SYSTEM32\DBGHELP.DLL
0x00007ffe22fa0000 - 0x00007ffe23322000 	C:\WINDOWS\System32\combase.dll
0x00007ffe22050000 - 0x00007ffe22127000 	C:\WINDOWS\System32\OLEAUT32.dll
0x00007ffe1f8e0000 - 0x00007ffe1f91b000 	C:\WINDOWS\SYSTEM32\dbgcore.DLL
0x00007ffe20890000 - 0x00007ffe20935000 	C:\WINDOWS\System32\bcryptPrimitives.dll
0x00007ffe03810000 - 0x00007ffe0381e000 	D:\Androidstudio\jbr\bin\instrument.dll
0x00007ffe069b0000 - 0x00007ffe069d0000 	D:\Androidstudio\jbr\bin\java.dll
0x00007ffe06990000 - 0x00007ffe069a8000 	D:\Androidstudio\jbr\bin\zip.dll
0x00007ffe22470000 - 0x00007ffe22bcf000 	C:\WINDOWS\System32\SHELL32.dll
0x00007ffe20240000 - 0x00007ffe203aa000 	C:\WINDOWS\System32\wintypes.dll
0x00007ffe20c10000 - 0x00007ffe21474000 	C:\WINDOWS\System32\windows.storage.dll
0x00007ffe21700000 - 0x00007ffe217f7000 	C:\WINDOWS\System32\SHCORE.dll
0x00007ffe21840000 - 0x00007ffe218a7000 	C:\WINDOWS\System32\shlwapi.dll
0x00007ffe20160000 - 0x00007ffe20189000 	C:\WINDOWS\SYSTEM32\profapi.dll
0x00007ffe1a800000 - 0x00007ffe1a810000 	D:\Androidstudio\jbr\bin\net.dll
0x00007ffe18c70000 - 0x00007ffe18d97000 	C:\WINDOWS\SYSTEM32\WINHTTP.dll
0x00007ffe1ede0000 - 0x00007ffe1ee4b000 	C:\WINDOWS\system32\mswsock.dll
0x00007ffe03a80000 - 0x00007ffe03a96000 	D:\Androidstudio\jbr\bin\nio.dll
0x00007ffe03910000 - 0x00007ffe03920000 	D:\Androidstudio\jbr\bin\verify.dll
0x00007ffe038e0000 - 0x00007ffe03907000 	C:\Users\ACER\.gradle\native\660c5614fbf4a5f2a75b1949f50a0caf5cd603558e7d8a26e50b933a0cfb79d1\windows-amd64\native-platform.dll
0x00007ffe032f0000 - 0x00007ffe03367000 	C:\Users\ACER\.gradle\native\0.2.8\x86_64-windows-gnu\gradle-fileevents.dll
0x00007ffe050f0000 - 0x00007ffe050f9000 	D:\Androidstudio\jbr\bin\management.dll
0x00007ffe03940000 - 0x00007ffe0394b000 	D:\Androidstudio\jbr\bin\management_ext.dll
0x00007ffe22340000 - 0x00007ffe22348000 	C:\WINDOWS\System32\PSAPI.DLL
0x00007ffe1e260000 - 0x00007ffe1e293000 	C:\WINDOWS\SYSTEM32\IPHLPAPI.DLL
0x00007ffe22db0000 - 0x00007ffe22dba000 	C:\WINDOWS\System32\NSI.dll
0x00007ffe05b40000 - 0x00007ffe05b49000 	D:\Androidstudio\jbr\bin\extnet.dll
0x00007ffe1fd60000 - 0x00007ffe1fd7b000 	C:\WINDOWS\SYSTEM32\CRYPTSP.dll
0x00007ffe1e7e0000 - 0x00007ffe1e819000 	C:\WINDOWS\system32\rsaenh.dll
0x00007ffe1ee90000 - 0x00007ffe1eec2000 	C:\WINDOWS\SYSTEM32\USERENV.dll
0x00007ffe20130000 - 0x00007ffe2015a000 	C:\WINDOWS\SYSTEM32\bcrypt.dll
0x00007ffe1f0c0000 - 0x00007ffe1f0cc000 	C:\WINDOWS\SYSTEM32\CRYPTBASE.dll
0x00007ffd78af0000 - 0x00007ffd78af8000 	C:\WINDOWS\system32\wshunix.dll

JVMTI agents:
C:\Users\ACER\.gradle\wrapper\dists\gradle-9.3.1-bin\23ovyewtku6u96viwx3xl3oks\gradle-9.3.1\lib\agents\gradle-instrumentation-agent-9.3.1.jar path:D:\Androidstudio\jbr\bin\instrument.dll, loaded, initialized, instrumentlib options:none

dbghelp: loaded successfully - version: 4.0.5 - missing functions: none
symbol engine: initialized successfully - sym options: 0x614 - pdb path: .;D:\Androidstudio\jbr\bin;C:\WINDOWS\SYSTEM32;C:\WINDOWS\WinSxS\amd64_microsoft.windows.common-controls_6595b64144ccf1df_6.0.26100.8037_none_3e092faae333b53b;D:\Androidstudio\jbr\bin\server;C:\Users\ACER\.gradle\native\660c5614fbf4a5f2a75b1949f50a0caf5cd603558e7d8a26e50b933a0cfb79d1\windows-amd64;C:\Users\ACER\.gradle\native\0.2.8\x86_64-windows-gnu

VM Arguments:
jvm_args: --add-opens=java.base/java.lang=ALL-UNNAMED --add-opens=java.base/java.lang.invoke=ALL-UNNAMED --add-opens=java.base/java.util=ALL-UNNAMED --add-opens=java.prefs/java.util.prefs=ALL-UNNAMED --add-exports=jdk.compiler/com.sun.tools.javac.api=ALL-UNNAMED --add-exports=jdk.compiler/com.sun.tools.javac.util=ALL-UNNAMED --add-opens=java.base/java.util=ALL-UNNAMED --add-opens=java.prefs/java.util.prefs=ALL-UNNAMED --add-opens=java.base/java.nio.charset=ALL-UNNAMED --add-opens=java.base/java.net=ALL-UNNAMED --add-opens=java.base/java.util.concurrent=ALL-UNNAMED --add-opens=java.base/java.util.concurrent.atomic=ALL-UNNAMED --add-opens=java.xml/javax.xml.namespace=ALL-UNNAMED --add-opens=java.base/java.time=ALL-UNNAMED -Xmx2048m -Dfile.encoding=UTF-8 -Duser.country=US -Duser.language=en -Duser.variant -javaagent:C:\Users\ACER\.gradle\wrapper\dists\gradle-9.3.1-bin\23ovyewtku6u96viwx3xl3oks\gradle-9.3.1\lib\agents\gradle-instrumentation-agent-9.3.1.jar 
java_command: org.gradle.launcher.daemon.bootstrap.GradleDaemon 9.3.1
java_class_path (initial): C:\Users\ACER\.gradle\wrapper\dists\gradle-9.3.1-bin\23ovyewtku6u96viwx3xl3oks\gradle-9.3.1\lib\gradle-daemon-main-9.3.1.jar
Launcher Type: SUN_STANDARD

[Global flags]
     intx CICompilerCount                          = 4                                         {product} {ergonomic}
     uint ConcGCThreads                            = 3                                         {product} {ergonomic}
     uint G1ConcRefinementThreads                  = 10                                        {product} {ergonomic}
   size_t G1HeapRegionSize                         = 1048576                                   {product} {ergonomic}
    uintx GCDrainStackTargetSize                   = 64                                        {product} {ergonomic}
   size_t InitialHeapSize                          = 132120576                                 {product} {ergonomic}
   size_t MarkStackSize                            = 4194304                                   {product} {ergonomic}
   size_t MaxHeapSize                              = 2147483648                                {product} {command line}
   size_t MaxNewSize                               = 1287651328                                {product} {ergonomic}
   size_t MinHeapDeltaBytes                        = 1048576                                   {product} {ergonomic}
   size_t MinHeapSize                              = 8388608                                   {product} {ergonomic}
    uintx NonNMethodCodeHeapSize                   = 5839372                                {pd product} {ergonomic}
    uintx NonProfiledCodeHeapSize                  = 122909434                              {pd product} {ergonomic}
    uintx ProfiledCodeHeapSize                     = 122909434                              {pd product} {ergonomic}
    uintx ReservedCodeCacheSize                    = 251658240                              {pd product} {ergonomic}
     bool SegmentedCodeCache                       = true                                      {product} {ergonomic}
   size_t SoftMaxHeapSize                          = 2147483648                             {manageable} {ergonomic}
     bool UseCompressedOops                        = true                           {product lp64_product} {ergonomic}
     bool UseG1GC                                  = true                                      {product} {ergonomic}
     bool UseLargePagesIndividualAllocation        = false                                  {pd product} {ergonomic}

Logging:
Log output configuration:
 #0: stdout all=warning uptime,level,tags foldmultilines=false
 #1: stderr all=off uptime,level,tags foldmultilines=false

Release file:
JAVA_VERSION="21.0.9" 
MODULES="java.base java.compiler java.datatransfer java.xml java.prefs java.desktop java.instrument java.logging java.management java.security.sasl java.naming java.rmi java.management.rmi java.net.http java.scripting java.security.jgss java.transaction.xa java.sql java.sql.rowset java.xml.crypto java.se java.smartcardio jdk.accessibility jdk.internal.jvmstat jdk.attach jdk.charsets jdk.internal.opt jdk.zipfs jdk.compiler jdk.crypto.ec jdk.crypto.cryptoki jdk.dynalink jdk.hotspot.agent jdk.httpserver jdk.internal.ed jdk.internal.le jdk.internal.vm.ci jdk.jartool jdk.javadoc jdk.jcmd jdk.jdeps jdk.jdwp.agent jdk.jdi jdk.jfr jdk.jlink jdk.jsobject jdk.localedata jdk.management jdk.management.agent jdk.management.jfr jdk.naming.dns jdk.naming.rmi jdk.net jdk.sctp jdk.security.auth jdk.security.jgss jdk.unsupported jdk.unsupported.desktop jdk.xml.dom" 
IMPLEMENTOR="JetBrains s.r.o." 
JAVA_RUNTIME_VERSION="21.0.9+-14787801-b1163.94" 
LIBC="default" 
OS_ARCH="x86_64" 
OS_NAME="Windows" 
SOURCE=".:git:0c757ddc9f2f" 

Environment Variables:
JAVA_HOME=C:\Program Files\Java\jdk-23
PATH=C:\Program Files (x86)\VMware\VMware Workstation\bin\;C:\Program Files\Microsoft MPI\Bin\;C:\Program Files\Common Files\Oracle\Java\javapath;C:\Windows\system32;C:\Windows;C:\Windows\System32\Wbem;C:\Windows\System32\WindowsPowerShell\v1.0\;C:\Windows\System32\OpenSSH\;C:\Program Files (x86)\NVIDIA Corporation\PhysX\Common;C:\Program Files\NVIDIA Corporation\NVIDIA NvDLISR;C:\MinGW\bin;C:\Program Files\Azure Data Studio\bin;C:\Program Files (x86)\Microsoft SQL Server\160\Tools\Binn\;C:\Program Files\Microsoft SQL Server\160\Tools\Binn\;C:\Program Files\Microsoft SQL Server\Client SDK\ODBC\170\Tools\Binn\;C:\Program Files\Microsoft SQL Server\160\DTS\Binn\;C:\Program Files\Git\cmd;C:\WINDOWS\system32;C:\WINDOWS;C:\WINDOWS\System32\Wbem;C:\WINDOWS\System32\WindowsPowerShell\v1.0\;C:\WINDOWS\System32\OpenSSH\;C:\Program Files\Docker\Docker\resources\bin;C:\apache-maven-3.9.6\bin;C:\Program Files\MySQL\MySQL Server 9.2\bin;C:\apache-tomcat-11.0.5\bin;C:\Program Files\Java\jdk-23\bin;C:\Program Files\PowerShell\7-preview\preview;C:\Program Files (x86)\Microsoft SQL Server\Client SDK\ODBC\110\Tools\Binn\;C:\Program Files (x86)\Microsoft SQL Server\120\Tools\Binn\;C:\Program Files (x86)\Microsoft SQL Server\120\DTS\Binn\;C:\Program Files\dotnet\;C:\Program Files\nodejs\;C:\Program Files\Cloudflare\Cloudflare WARP\;C:\apache-maven-3.9.6\bin;D:\GitHubCLI\;C:\Program Files\Microsoft MPI\Bin\;C:\Program Files\Common Files\Oracle\Java\javapath;C:\Program Files (x86)\VMware\VMware Workstation\bin\;C:\Windows\system32;C:\Windows;C:\Windows\System32\Wbem;C:\Windows\System32\WindowsPowerShell\v1.0\;C:\Windows\System32\OpenSSH\;C:\Program Files (x86)\NVIDIA Corporation\PhysX\Common;C:\Program Files\NVIDIA Corporation\NVIDIA NvDLISR;C:\MinGW\bin;C:\Program Files\Azure Data Studio\bin;C:\Program Files (x86)\Microsoft SQL Server\160\Tools\Binn\;C:\Program Files\Microsoft SQL Server\160\Tools\Binn\;C:\Program Files\Microsoft SQL Server\Client SDK\ODBC\170\Tools\Binn\;C:\Program Files\Microsoft SQL Server\160\DTS\Binn\;C:\Program Files (x86)\Microsoft SQL Server\160\DTS\Binn\;C:\Program Files\nodejs\;C:\Program Files\Cloudflare\Cloudflare WARP\;C:\Program Files\Git\cmd;C:\Users\ACER\Downloads\apache-maven-3.8.8-bin\apache-maven-3.8.8;C:\WINDOWS\system32;C:\WINDOWS;C:\WINDOWS\System32\Wbem;C:\WINDOWS\System32\WindowsPowerShell\v1.0\;C:\WINDOWS\System32\OpenSSH\;C:\Program Files\Docker\Docker\resources\bin;C:\Users\ACER\AppData\Local\Programs\Python\Python312\Scripts\;C:\Users\ACER\AppData\Local\Programs\Python\Python312\;C:\Users\ACER\AppData\Local\Microsoft\WindowsApps;C:\Program Files\nodejs;C:\Users\ACER\AppData\Local\GitHubDesktop\bin;C:\Users\ACER\scoop\shims;C:\Users\ACER\AppData\Local\Programs\oh-my-posh\bin;C:\Users\ACER\AppData\Local\Microsoft\WinGet\Links;C:\Users\ACER\AppData\Local\Programs\Microsoft VS Code\bin;C:\Users\ACER\.dotnet\tools;C:\Users\ACER\AppData\Local\Microsoft\WindowsApps;C:\Users\ACER\AppData\Roaming\npm;C:\texlive\2025\bin\windows;
USERNAME=bbxsntxnzje
OS=Windows_NT
PROCESSOR_IDENTIFIER=Intel64 Family 6 Model 141 Stepping 1, GenuineIntel
TMP=C:\Users\ACER\AppData\Local\Temp
TEMP=C:\Users\ACER\AppData\Local\Temp




Periodic native trim disabled

JNI global refs:
JNI global refs: 25, weak refs: 0

JNI global refs memory usage: 835, weak refs: 833

Process memory usage:
Resident Set Size: 213916K (2% of 8162616K total physical memory with 193536K free physical memory)

OOME stack traces (most recent first):
Classloader memory used:
Loader bootstrap                                                                       : 18207K
Loader org.gradle.internal.classloader.VisitableURLClassLoader                         : 17784K
Loader org.gradle.initialization.MixInLegacyTypesClassLoader                           : 2243K
Loader jdk.internal.loader.ClassLoaders$AppClassLoader                                 : 229K
Loader jdk.internal.loader.ClassLoaders$PlatformClassLoader                            : 116K
Loader jdk.internal.reflect.DelegatingClassLoader                                      : 45176B
Loader org.gradle.internal.classloader.VisitableURLClassLoader                         : 16688B

Classes loaded by more than one classloader:
Class org.gradle.internal.classloader.FilteringClassLoader                            : loaded 2 times (x 105B)
Class org.gradle.internal.classloader.ClassLoaderHierarchy                            : loaded 2 times (x 70B)
Class org.gradle.api.internal.classpath.ManifestUtil                                  : loaded 2 times (x 71B)
Class org.gradle.internal.classloader.DefaultClassLoaderFactory                       : loaded 2 times (x 82B)
Class org.gradle.internal.classloader.ClassLoaderVisitor                              : loaded 2 times (x 76B)
Class org.gradle.api.internal.classpath.EffectiveClassPath                            : loaded 2 times (x 90B)
Class org.gradle.api.internal.DefaultClassPathProvider                                : loaded 2 times (x 76B)
Class [Lorg.gradle.api.internal.ClassPathProvider;                                    : loaded 2 times (x 69B)
Class org.gradle.api.internal.ClassPathProvider                                       : loaded 2 times (x 70B)
Class org.gradle.internal.service.UnknownServiceException                             : loaded 2 times (x 83B)
Class org.gradle.internal.classpath.TransformedClassPath                              : loaded 2 times (x 96B)
Class org.gradle.internal.classloader.InstrumentingClassLoader                        : loaded 2 times (x 70B)
Class org.gradle.internal.service.ServiceLocator                                      : loaded 2 times (x 70B)
Class org.gradle.internal.classloader.ClasspathUtil$1                                 : loaded 2 times (x 76B)
Class org.gradle.api.internal.classpath.DefaultModuleRegistry$DefaultModule           : loaded 2 times (x 86B)
Class org.gradle.api.internal.classpath.Module                                        : loaded 2 times (x 70B)
Class org.gradle.api.internal.classpath.UnknownModuleException                        : loaded 2 times (x 82B)
Class org.gradle.api.internal.DefaultClassPathRegistry                                : loaded 2 times (x 76B)
Class org.gradle.api.internal.ClassPathRegistry                                       : loaded 2 times (x 70B)
Class org.gradle.internal.classpath.DefaultClassPath$ImmutableUniqueList              : loaded 2 times (x 199B)
Class org.gradle.internal.classpath.ClassPath                                         : loaded 2 times (x 70B)
Class org.gradle.api.internal.classpath.ModuleRegistry                                : loaded 2 times (x 70B)
Class org.gradle.internal.installation.GradleInstallation$1                           : loaded 2 times (x 75B)
Class org.gradle.api.internal.classpath.DefaultModuleRegistry                         : loaded 2 times (x 86B)
Class org.gradle.internal.service.ServiceLookupException                              : loaded 2 times (x 82B)
Class org.gradle.internal.classloader.ClassLoaderFactory                              : loaded 2 times (x 70B)
Class org.gradle.internal.service.CachingServiceLocator                               : loaded 2 times (x 82B)
Class org.gradle.internal.classloader.ClasspathUtil                                   : loaded 2 times (x 71B)
Class org.gradle.api.specs.Spec                                                       : loaded 2 times (x 70B)
Class org.gradle.internal.classloader.VisitableURLClassLoader$InstrumentingVisitableURLClassLoader: loaded 2 times (x 123B)
Class org.gradle.internal.classloader.VisitableURLClassLoader$Spec                    : loaded 2 times (x 74B)
Class org.gradle.internal.classpath.DefaultClassPath                                  : loaded 2 times (x 90B)
Class org.gradle.internal.classloader.ClassLoaderSpec                                 : loaded 2 times (x 71B)
Class org.gradle.internal.classloader.VisitableURLClassLoader                         : loaded 2 times (x 117B)
Class org.gradle.internal.Cast                                                        : loaded 2 times (x 71B)
Class org.gradle.api.Action                                                           : loaded 2 times (x 70B)
Class org.gradle.internal.classpath.DefaultClassPath$ImmutableUniqueList$Builder      : loaded 2 times (x 75B)
Class org.gradle.api.GradleException                                                  : loaded 2 times (x 82B)
Class org.gradle.internal.IoActions                                                   : loaded 2 times (x 71B)
Class org.gradle.internal.classloader.SystemClassLoaderSpec                           : loaded 2 times (x 71B)
Class org.gradle.api.internal.classpath.GlobalCacheRootsProvider                      : loaded 2 times (x 70B)
Class org.gradle.internal.installation.CurrentGradleInstallationLocator               : loaded 2 times (x 71B)
Class org.gradle.internal.service.DefaultServiceLocator                               : loaded 2 times (x 83B)
Class org.gradle.internal.installation.CurrentGradleInstallation                      : loaded 2 times (x 73B)
Class org.gradle.util.internal.GUtil                                                  : loaded 2 times (x 71B)
Class org.gradle.internal.installation.GradleInstallation                             : loaded 2 times (x 75B)

---------------  S Y S T E M  ---------------

OS:
 Windows 11 , 64 bit Build 26100 (10.0.26100.7920)
OS uptime: 0 days 3:47 hours
Hyper-V role detected

CPU: total 12 (initial active 12) (6 cores per cpu, 2 threads per core) family 6 model 141 stepping 1 microcode 0x3c, cx8, cmov, fxsr, ht, mmx, 3dnowpref, sse, sse2, sse3, ssse3, sse4.1, sse4.2, popcnt, lzcnt, tsc, tscinvbit, avx, avx2, aes, erms, clmul, bmi1, bmi2, adx, avx512f, avx512dq, avx512cd, avx512bw, avx512vl, sha, fma, vzeroupper, avx512_vpopcntdq, avx512_vpclmulqdq, avx512_vaes, avx512_vnni, clflush, clflushopt, clwb, avx512_vbmi2, avx512_vbmi, hv, rdtscp, rdpid, fsrm, gfni, avx512_bitalg, f16c, cet_ibt, cet_ss, avx512_ifma
Processor Information for the first 12 processors :
  Max Mhz: 2688, Current Mhz: 2688, Mhz Limit: 2688

Memory: 4k page, system-wide physical 7971M (176M free)
TotalPageFile size 18613M (AvailPageFile size 5M)
current process WorkingSet (physical memory assigned to process): 209M, peak: 229M
current process commit charge ("private bytes"): 246M, peak: 271M

vm_info: OpenJDK 64-Bit Server VM (21.0.9+-14787801-b1163.94) for windows-amd64 JRE (21.0.9+-14787801-b1163.94), built on 2026-01-27T21:15:44Z by "builder" with MS VC++ 16.10 / 16.11 (VS2019)

END.
