#
# There is insufficient memory for the Java Runtime Environment to continue.
# Native memory allocation (malloc) failed to allocate 938800 bytes. Error detail: Chunk::new
# Possible reasons:
#   The system is out of physical RAM or swap space
#   This process is running with CompressedOops enabled, and the Java Heap may be blocking the growth of the native heap
# Possible solutions:
#   Reduce memory load on the system
#   Increase physical memory or swap space
#   Check if swap backing store is full
#   Decrease Java heap size (-Xmx/-Xms)
#   Decrease number of Java threads
#   Decrease Java thread stack sizes (-Xss)
#   Set larger code cache with -XX:ReservedCodeCacheSize=
#   JVM is running with Unscaled Compressed Oops mode in which the Java heap is
#     placed in the first 4GB address space. The Java Heap base address is the
#     maximum limit for the native heap growth. Please use -XX:HeapBaseMinAddress
#     to set the Java Heap base and to place the Java Heap above 4GB virtual address.
# This output file may be truncated or incomplete.
#
#  Out of Memory Error (arena.cpp:149), pid=24048, tid=20396
#
# JRE version: Java(TM) SE Runtime Environment (23.0.2+7) (build 23.0.2+7-58)
# Java VM: Java HotSpot(TM) 64-Bit Server VM (23.0.2+7-58, mixed mode, sharing, tiered, compressed oops, compressed class ptrs, g1 gc, windows-amd64)
# No core dump will be written. Minidumps are not enabled by default on client versions of Windows
#

---------------  S U M M A R Y ------------

Command Line: -Dapplication.home=C:\Program Files\Java\jdk-23 -Xms8m -Djdk.module.main=java.base java.base/sun.security.tools.keytool.Main -list -v -keystore C:\Users\ACER\.android\debug.keystore -alias androiddebugkey -storepass android -keypass android

Host: 11th Gen Intel(R) Core(TM) i5-11400H @ 2.70GHz, 12 cores, 7G,  Windows 11 , 64 bit Build 26100 (10.0.26100.7920)
Time: Sun Mar 29 13:53:26 2026 SE Asia Standard Time elapsed time: 9.454055 seconds (0d 0h 0m 9s)

---------------  T H R E A D  ---------------

Current thread (0x000002455039d950):  JavaThread "C2 CompilerThread1" daemon [_thread_in_native, id=20396, stack(0x000000807a400000,0x000000807a500000) (1024K)]


Current CompileTask:
C2:9454  612 % !   4       com.sun.crypto.provider.PBKDF2KeyImpl::deriveKey @ 198 (302 bytes)

Stack: [0x000000807a400000,0x000000807a500000]
Native frames: (J=compiled Java code, j=interpreted, Vv=VM code, C=native code)
V  [jvm.dll+0x6e0b99]  (no source info available)
V  [jvm.dll+0x87e2b3]  (no source info available)
V  [jvm.dll+0x88073e]  (no source info available)
V  [jvm.dll+0x880e13]  (no source info available)
V  [jvm.dll+0x27b006]  (no source info available)
V  [jvm.dll+0xbc06f]  (no source info available)
V  [jvm.dll+0xbc2cb]  (no source info available)
V  [jvm.dll+0x3b3c5c]  (no source info available)
V  [jvm.dll+0x1dc2ac]  (no source info available)
V  [jvm.dll+0x244ce5]  (no source info available)
V  [jvm.dll+0x243eff]  (no source info available)
V  [jvm.dll+0x1c34b0]  (no source info available)
V  [jvm.dll+0x253df1]  (no source info available)
V  [jvm.dll+0x2520aa]  (no source info available)
V  [jvm.dll+0x3ee226]  (no source info available)
V  [jvm.dll+0x8254cb]  (no source info available)
V  [jvm.dll+0x6df345]  (no source info available)
C  [ucrtbase.dll+0x37b0]  (no source info available)
C  [KERNEL32.DLL+0x2e8d7]  (no source info available)
C  [ntdll.dll+0x8c48c]  (no source info available)

Lock stack of current Java thread (top to bottom):


---------------  P R O C E S S  ---------------

Threads class SMR info:
_java_thread_list=0x000002455014edc0, length=12, elements={
0x000002456d3a28b0, 0x00000245501476e0, 0x000002455014a340, 0x00000245501507f0,
0x0000024550151470, 0x0000024550152b30, 0x00000245501541f0, 0x000002455015e5c0,
0x000002455015f3b0, 0x0000024550314ad0, 0x000002455033e0c0, 0x000002455039d950
}

Java Threads: ( => current thread )
  0x000002456d3a28b0 JavaThread "main"                              [_thread_in_Java, id=15824, stack(0x0000008079200000,0x0000008079300000) (1024K)]
  0x00000245501476e0 JavaThread "Reference Handler"          daemon [_thread_blocked, id=18684, stack(0x0000008079a00000,0x0000008079b00000) (1024K)]
  0x000002455014a340 JavaThread "Finalizer"                  daemon [_thread_blocked, id=20612, stack(0x0000008079b00000,0x0000008079c00000) (1024K)]
  0x00000245501507f0 JavaThread "Signal Dispatcher"          daemon [_thread_blocked, id=16172, stack(0x0000008079c00000,0x0000008079d00000) (1024K)]
  0x0000024550151470 JavaThread "Attach Listener"            daemon [_thread_blocked, id=13528, stack(0x0000008079d00000,0x0000008079e00000) (1024K)]
  0x0000024550152b30 JavaThread "Service Thread"             daemon [_thread_blocked, id=4952, stack(0x0000008079e00000,0x0000008079f00000) (1024K)]
  0x00000245501541f0 JavaThread "Monitor Deflation Thread"   daemon [_thread_blocked, id=19056, stack(0x0000008079f00000,0x000000807a000000) (1024K)]
  0x000002455015e5c0 JavaThread "C2 CompilerThread0"         daemon [_thread_in_native, id=8280, stack(0x000000807a000000,0x000000807a100000) (1024K)]
  0x000002455015f3b0 JavaThread "C1 CompilerThread0"         daemon [_thread_in_native, id=13532, stack(0x000000807a100000,0x000000807a200000) (1024K)]
  0x0000024550314ad0 JavaThread "Notification Thread"        daemon [_thread_blocked, id=15628, stack(0x000000807a200000,0x000000807a300000) (1024K)]
  0x000002455033e0c0 JavaThread "Common-Cleaner"             daemon [_thread_blocked, id=2912, stack(0x000000807a300000,0x000000807a400000) (1024K)]
=>0x000002455039d950 JavaThread "C2 CompilerThread1"         daemon [_thread_in_native, id=20396, stack(0x000000807a400000,0x000000807a500000) (1024K)]
Total: 12

Other Threads:
  0x000002455012da90 VMThread "VM Thread"                           [id=1944, stack(0x0000008079900000,0x0000008079a00000) (1024K)]
  0x000002455011d960 WatcherThread "VM Periodic Task Thread"        [id=11628, stack(0x0000008079800000,0x0000008079900000) (1024K)]
  0x000002456f812cb0 WorkerThread "GC Thread#0"                     [id=6976, stack(0x0000008079300000,0x0000008079400000) (1024K)]
  0x000002455052f5a0 WorkerThread "GC Thread#1"                     [id=19216, stack(0x000000807a500000,0x000000807a600000) (1024K)]
  0x000002455053a350 WorkerThread "GC Thread#2"                     [id=21084, stack(0x000000807a600000,0x000000807a700000) (1024K)]
  0x000002455053a700 WorkerThread "GC Thread#3"                     [id=13052, stack(0x000000807a700000,0x000000807a800000) (1024K)]
  0x000002455053aab0 WorkerThread "GC Thread#4"                     [id=4680, stack(0x000000807a800000,0x000000807a900000) (1024K)]
  0x000002455053ae60 WorkerThread "GC Thread#5"                     [id=3436, stack(0x000000807a900000,0x000000807aa00000) (1024K)]
  0x000002455053b210 WorkerThread "GC Thread#6"                     [id=5904, stack(0x000000807aa00000,0x000000807ab00000) (1024K)]
  0x0000024550af7e20 WorkerThread "GC Thread#7"                     [id=11196, stack(0x000000807ab00000,0x000000807ac00000) (1024K)]
  0x000002456f827490 ConcurrentGCThread "G1 Main Marker"            [id=9516, stack(0x0000008079400000,0x0000008079500000) (1024K)]
  0x000002456f828ec0 WorkerThread "G1 Conc#0"                       [id=7740, stack(0x0000008079500000,0x0000008079600000) (1024K)]
  0x000002456f8604a0 ConcurrentGCThread "G1 Refine#0"               [id=24324, stack(0x0000008079600000,0x0000008079700000) (1024K)]
  0x000002456f861ed0 ConcurrentGCThread "G1 Service"                [id=19644, stack(0x0000008079700000,0x0000008079800000) (1024K)]
Total: 14

Threads with active compile tasks:
C2 CompilerThread0  13524  617       4       javax.crypto.Mac::doFinal (38 bytes)
C1 CompilerThread0  13524  760       3       java.lang.ref.SoftReference::<init> (14 bytes)
C2 CompilerThread1  13524  612 % !   4       com.sun.crypto.provider.PBKDF2KeyImpl::deriveKey @ 198 (302 bytes)
Total: 3

VM state: not at safepoint (normal execution)

VM Mutex/Monitor currently owned by a thread: None

Heap address: 0x0000000083600000, size: 1994 MB, Compressed Oops mode: 32-bit

CDS archive(s) mapped at: [0x000002450f000000-0x000002450fd70000-0x000002450fd70000), size 14090240, SharedBaseAddress: 0x000002450f000000, ArchiveRelocationMode: 1.
Compressed class space mapped at: 0x0000024510000000-0x0000024550000000, reserved size: 1073741824
Narrow klass base: 0x000002450f000000, Narrow klass shift: 0, Narrow klass range: 0x41000000

GC Precious Log:
 CardTable entry size: 512
 Card Set container configuration: InlinePtr #cards 5 size 8 Array Of Cards #cards 10 size 36 Howl #buckets 4 coarsen threshold 1843 Howl Bitmap #cards 512 size 80 coarsen threshold 460 Card regions per heap region 1 cards per card region 2048
 CPUs: 12 total, 12 available
 Memory: 7971M
 Large Page Support: Disabled
 NUMA Support: Disabled
 Compressed Oops: Enabled (32-bit)
 Heap Region Size: 1M
 Heap Min Capacity: 8M
 Heap Initial Capacity: 8M
 Heap Max Capacity: 1994M
 Pre-touch: Disabled
 Parallel Workers: 10
 Concurrent Workers: 3
 Concurrent Refinement Workers: 10
 Periodic GC: Disabled

Heap:
 garbage-first heap   total reserved 2041856K, committed 8192K, used 2893K [0x0000000083600000, 0x0000000100000000)
  region size 1024K, 2 young (2048K), 1 survivors (1024K)
 Metaspace       used 3945K, committed 4032K, reserved 1114112K
  class space    used 399K, committed 448K, reserved 1048576K

Heap Regions: E=young(eden), S=young(survivor), O=old, HS=humongous(starts), HC=humongous(continues), CS=collection set, F=free, TAMS=top-at-mark-start, PB=parsable bottom
|   0|0x0000000083600000, 0x0000000083700000, 0x0000000083700000|100%| O|  |TAMS 0x0000000083600000| PB 0x0000000083600000| Untracked |  0
|   1|0x0000000083700000, 0x00000000837f8c40, 0x0000000083800000| 97%| O|  |TAMS 0x0000000083700000| PB 0x0000000083700000| Untracked |  0
|   2|0x0000000083800000, 0x0000000083800000, 0x0000000083900000|  0%| F|  |TAMS 0x0000000083800000| PB 0x0000000083800000| Untracked |  0
|   3|0x0000000083900000, 0x0000000083900000, 0x0000000083a00000|  0%| F|  |TAMS 0x0000000083900000| PB 0x0000000083900000| Untracked |  0
|   4|0x0000000083a00000, 0x0000000083a00000, 0x0000000083b00000|  0%| F|  |TAMS 0x0000000083a00000| PB 0x0000000083a00000| Untracked |  0
|   5|0x0000000083b00000, 0x0000000083b00000, 0x0000000083c00000|  0%| F|  |TAMS 0x0000000083b00000| PB 0x0000000083b00000| Untracked |  0
|   6|0x0000000083c00000, 0x0000000083cda800, 0x0000000083d00000| 85%| S|CS|TAMS 0x0000000083c00000| PB 0x0000000083c00000| Complete |  0
|   7|0x0000000083d00000, 0x0000000083d460d0, 0x0000000083e00000| 27%| E|  |TAMS 0x0000000083d00000| PB 0x0000000083d00000| Complete |  0

Card table byte_map: [0x0000024578840000,0x0000024578c30000] _byte_map_base: 0x0000024578425000

Marking Bits: (CMBitMap*) 0x000002456f8133c0
 Bits: [0x0000024578c30000, 0x000002457ab58000)

Polling page: 0x000002456d800000

Metaspace:

Usage:
  Non-class:      3.46 MB used.
      Class:    400.86 KB used.
       Both:      3.85 MB used.

Virtual space:
  Non-class space:       64.00 MB reserved,       3.50 MB (  5%) committed,  1 nodes.
      Class space:        1.00 GB reserved,     448.00 KB ( <1%) committed,  1 nodes.
             Both:        1.06 GB reserved,       3.94 MB ( <1%) committed. 

Chunk freelists:
   Non-Class:  11.82 MB
       Class:  15.58 MB
        Both:  27.40 MB

MaxMetaspaceSize: unlimited
CompressedClassSpaceSize: 1.00 GB
Initial GC threshold: 21.00 MB
Current GC threshold: 21.00 MB
CDS: on
 - commit_granule_bytes: 65536.
 - commit_granule_words: 8192.
 - virtual_space_node_default_size: 8388608.
 - enlarge_chunks_in_place: 1.
 - use_allocation_guard: 0.


Internal statistics:

num_allocs_failed_limit: 0.
num_arena_births: 32.
num_arena_deaths: 0.
num_vsnodes_births: 2.
num_vsnodes_deaths: 0.
num_space_committed: 63.
num_space_uncommitted: 0.
num_chunks_returned_to_freelist: 0.
num_chunks_taken_from_freelist: 43.
num_chunk_merges: 0.
num_chunk_splits: 32.
num_chunks_enlarged: 25.
num_inconsistent_stats: 0.

CodeHeap 'non-profiled nmethods': size=120064Kb used=233Kb max_used=233Kb free=119830Kb
 bounds [0x0000024507ac0000, 0x0000024507d30000, 0x000002450f000000]
CodeHeap 'profiled nmethods': size=120000Kb used=868Kb max_used=868Kb free=119131Kb
 bounds [0x0000024500000000, 0x0000024500270000, 0x0000024507530000]
CodeHeap 'non-nmethods': size=5696Kb used=1455Kb max_used=1468Kb free=4240Kb
 bounds [0x0000024507530000, 0x00000245077a0000, 0x0000024507ac0000]
CodeCache: size=245760Kb, used=2556Kb, max_used=2569Kb, free=243201Kb
 total_blobs=1210, nmethods=747, adapters=369, full_count=0
Compilation: enabled, stopped_count=0, restarted_count=0

Compilation events (20 events):
Event: 2.440 Thread 0x000002455015f3b0 nmethod 688 0x00000245000c0808 code [0x00000245000c0940, 0x00000245000c0b38]
Event: 2.440 Thread 0x000002455015f3b0  690       3       java.util.regex.Matcher::end (9 bytes)
Event: 2.440 Thread 0x000002455015f3b0 nmethod 690 0x00000245000c0b88 code [0x00000245000c0cc0, 0x00000245000c0ff0]
Event: 2.440 Thread 0x000002455015f3b0  691       3       java.util.regex.Matcher::find (69 bytes)
Event: 2.440 Thread 0x000002455015f3b0 nmethod 691 0x00000245000c1088 code [0x00000245000c11c0, 0x00000245000c1480]
Event: 2.440 Thread 0x000002455015f3b0  684       3       java.util.regex.Matcher::checkMatch (19 bytes)
Event: 2.440 Thread 0x000002455015f3b0 nmethod 684 0x00000245000c1508 code [0x00000245000c1640, 0x00000245000c1908]
Event: 2.441 Thread 0x000002455015f3b0  685       3       java.util.regex.Matcher::hasMatch (13 bytes)
Event: 2.441 Thread 0x000002455015f3b0 nmethod 685 0x00000245000c1988 code [0x00000245000c1aa0, 0x00000245000c1bf8]
Event: 4.446 Thread 0x000002455015e5c0 nmethod 649 0x0000024507af5088 code [0x0000024507af5200, 0x0000024507af5d30]
Event: 4.446 Thread 0x000002455015e5c0  680       4       java.math.BigInteger::implMulAdd (81 bytes)
Event: 4.449 Thread 0x000002455015e5c0 nmethod 680 0x0000024507af5f08 code [0x0000024507af6000, 0x0000024507af62c0]
Event: 4.449 Thread 0x000002455015e5c0  650       4       sun.security.provider.SHA2::resetHashes (19 bytes)
Event: 4.450 Thread 0x000002455015e5c0 nmethod 650 0x0000024507af6308 code [0x0000024507af6400, 0x0000024507af6518]
Event: 4.450 Thread 0x000002455015e5c0  651       4       sun.security.provider.SHA2::implReset (20 bytes)
Event: 4.451 Thread 0x000002455015e5c0 nmethod 651 0x0000024507af6608 code [0x0000024507af6720, 0x0000024507af68a0]
Event: 4.451 Thread 0x000002455015e5c0  615   !   4       java.security.MessageDigest::getDigestLength (30 bytes)
Event: 4.451 Thread 0x000002455015e5c0 nmethod 615 0x0000024507af6908 code [0x0000024507af6a20, 0x0000024507af6b08]
Event: 4.451 Thread 0x000002455015e5c0  614       4       java.security.MessageDigest::update (45 bytes)
Event: 5.450 Thread 0x000002455015f3b0  696       3       java.lang.invoke.VarHandleGuards::guard_LI_I (78 bytes)

GC Heap History (3 events):
Event: 0.329 GC heap before
{Heap before GC invocations=0 (full 0):
 garbage-first heap   total reserved 2041856K, committed 8192K, used 4096K [0x0000000083600000, 0x0000000100000000)
  region size 1024K, 4 young (4096K), 0 survivors (0K)
 Metaspace       used 2557K, committed 2688K, reserved 1114112K
  class space    used 259K, committed 320K, reserved 1048576K
}
Event: 0.335 GC heap after
{Heap after GC invocations=1 (full 0):
 garbage-first heap   total reserved 2041856K, committed 8192K, used 1944K [0x0000000083600000, 0x0000000100000000)
  region size 1024K, 1 young (1024K), 1 survivors (1024K)
 Metaspace       used 2557K, committed 2688K, reserved 1114112K
  class space    used 259K, committed 320K, reserved 1048576K
}
Event: 5.451 GC heap before
{Heap before GC invocations=1 (full 0):
 garbage-first heap   total reserved 2041856K, committed 8192K, used 3992K [0x0000000083600000, 0x0000000100000000)
  region size 1024K, 3 young (3072K), 1 survivors (1024K)
 Metaspace       used 3850K, committed 3968K, reserved 1114112K
  class space    used 397K, committed 448K, reserved 1048576K
}

Dll operation events (6 events):
Event: 0.011 Loaded shared library C:\Program Files\Java\jdk-23\bin\java.dll
Event: 0.121 Loaded shared library C:\Program Files\Java\jdk-23\bin\jsvml.dll
Event: 0.175 Loaded shared library C:\Program Files\Java\jdk-23\bin\jimage.dll
Event: 0.236 Loaded shared library C:\Program Files\Java\jdk-23\bin\sunmscapi.dll
Event: 0.276 Loaded shared library C:\Program Files\Java\jdk-23\bin\net.dll
Event: 0.282 Loaded shared library C:\Program Files\Java\jdk-23\bin\nio.dll

Deoptimization events (20 events):
Event: 1.388 Thread 0x000002456d3a28b0 DEOPT PACKING pc=0x00000245000937a6 sp=0x00000080792fe1e0
Event: 1.388 Thread 0x000002456d3a28b0 DEOPT UNPACKING pc=0x00000245075884c2 sp=0x00000080792fd658 mode 0
Event: 1.388 Thread 0x000002456d3a28b0 DEOPT PACKING pc=0x00000245000937a6 sp=0x00000080792fe210
Event: 1.388 Thread 0x000002456d3a28b0 DEOPT UNPACKING pc=0x00000245075884c2 sp=0x00000080792fd688 mode 0
Event: 1.389 Thread 0x000002456d3a28b0 DEOPT PACKING pc=0x00000245000937a6 sp=0x00000080792fe1e0
Event: 1.389 Thread 0x000002456d3a28b0 DEOPT UNPACKING pc=0x00000245075884c2 sp=0x00000080792fd658 mode 0
Event: 1.389 Thread 0x000002456d3a28b0 DEOPT PACKING pc=0x00000245000937a6 sp=0x00000080792fe210
Event: 1.389 Thread 0x000002456d3a28b0 DEOPT UNPACKING pc=0x00000245075884c2 sp=0x00000080792fd688 mode 0
Event: 1.417 Thread 0x000002456d3a28b0 Uncommon trap: trap_request=0xffffff45 fr.pc=0x0000024507aedc04 relative=0x00000000000006a4
Event: 1.417 Thread 0x000002456d3a28b0 Uncommon trap: reason=unstable_if action=reinterpret pc=0x0000024507aedc04 method=sun.security.provider.SHA2.implReset()V @ 8 c2
Event: 1.417 Thread 0x000002456d3a28b0 DEOPT PACKING pc=0x0000024507aedc04 sp=0x00000080792fe8d0
Event: 1.417 Thread 0x000002456d3a28b0 DEOPT UNPACKING pc=0x0000024507587982 sp=0x00000080792fe7d8 mode 2
Event: 1.419 Thread 0x000002456d3a28b0 Uncommon trap: trap_request=0xffffff45 fr.pc=0x0000024507aeee4c relative=0x000000000000090c
Event: 1.419 Thread 0x000002456d3a28b0 Uncommon trap: reason=unstable_if action=reinterpret pc=0x0000024507aeee4c method=sun.security.provider.SHA2.implCompress0([BI)V @ 4 c2
Event: 1.419 Thread 0x000002456d3a28b0 DEOPT PACKING pc=0x0000024507aeee4c sp=0x00000080792fea20
Event: 1.419 Thread 0x000002456d3a28b0 DEOPT UNPACKING pc=0x0000024507587982 sp=0x00000080792fe950 mode 2
Event: 4.455 Thread 0x000002456d3a28b0 Uncommon trap: trap_request=0xffffff45 fr.pc=0x0000024507aea5d8 relative=0x0000000000000198
Event: 4.455 Thread 0x000002456d3a28b0 Uncommon trap: reason=unstable_if action=reinterpret pc=0x0000024507aea5d8 method=java.lang.invoke.VarHandle.checkAccessModeThenIsDirect(Ljava/lang/invoke/VarHandle$AccessDescriptor;)Z @ 4 c2
Event: 4.455 Thread 0x000002456d3a28b0 DEOPT PACKING pc=0x0000024507aea5d8 sp=0x00000080792fd8e0
Event: 5.449 Thread 0x000002456d3a28b0 DEOPT UNPACKING pc=0x0000024507587982 sp=0x00000080792fd818 mode 2

Classes loaded (20 events):
Event: 1.432 Loading class sun/security/pkcs/PKCS8Key done
Event: 1.432 Loading class sun/security/rsa/RSAPrivateKeyImpl done
Event: 1.432 Loading class sun/security/rsa/RSAPrivateCrtKeyImpl
Event: 1.432 Loading class java/security/interfaces/RSAPrivateCrtKey
Event: 1.432 Loading class java/security/interfaces/RSAPrivateCrtKey done
Event: 1.432 Loading class sun/security/rsa/RSAPrivateCrtKeyImpl done
Event: 1.432 Loading class sun/security/rsa/RSACore
Event: 1.433 Loading class sun/security/rsa/RSACore done
Event: 1.433 Loading class sun/security/rsa/RSAPadding
Event: 1.433 Loading class sun/security/rsa/RSAPadding done
Event: 1.433 Loading class java/math/MutableBigInteger
Event: 1.438 Loading class java/math/MutableBigInteger done
Event: 1.440 Loading class java/text/MessageFormat
Event: 2.435 Loading class java/text/MessageFormat done
Event: 2.435 Loading class java/text/MessageFormat$Field
Event: 2.436 Loading class java/text/MessageFormat$Field done
Event: 2.436 Loading class java/text/MessageFormat$FormatType
Event: 2.436 Loading class java/text/MessageFormat$FormatType done
Event: 2.437 Loading class java/text/MessageFormat$FormatStyle
Event: 2.437 Loading class java/text/MessageFormat$FormatStyle done

Classes unloaded (0 events):
No events

Classes redefined (0 events):
No events

Internal exceptions (9 events):
Event: 0.169 Thread 0x000002456d3a28b0 Exception <a 'java/lang/ClassNotFoundException'{0x0000000083cc39c0}: sun/security/tools/keytool/spi/ResourcesProvider> (0x0000000083cc39c0) 
thrown [s\open\src\hotspot\share\classfile\systemDictionary.cpp, line 313]
Event: 0.270 Thread 0x000002456d3a28b0 Exception <a 'java/lang/NoSuchMethodError'{0x0000000083ae0208}: 'int java.lang.invoke.DirectMethodHandle$Holder.invokeStatic(java.lang.Object, int, java.lang.Object)'> (0x0000000083ae0208) 
thrown [s\open\src\hotspot\share\interpreter\linkResolver.cpp, line 796]
Event: 0.284 Thread 0x000002456d3a28b0 Exception <a 'sun/nio/fs/WindowsException'{0x0000000083aef078}> (0x0000000083aef078) 
thrown [s\open\src\hotspot\share\prims\jni.cpp, line 520]
Event: 0.352 Thread 0x000002456d3a28b0 Exception <a 'java/lang/NoSuchMethodError'{0x0000000083d0fea8}: 'void java.lang.invoke.DirectMethodHandle$Holder.invokeStatic(java.lang.Object, java.lang.Object)'> (0x0000000083d0fea8) 
thrown [s\open\src\hotspot\share\interpreter\linkResolver.cpp, line 796]
Event: 0.356 Thread 0x000002456d3a28b0 Exception <a 'java/lang/NoSuchMethodError'{0x0000000083d336a0}: 'java.lang.Object java.lang.invoke.DirectMethodHandle$Holder.invokeStaticInit(java.lang.Object, int, int, int, int)'> (0x0000000083d336a0) 
thrown [s\open\src\hotspot\share\interpreter\linkResolver.cpp, line 796]
Event: 1.397 Thread 0x000002456d3a28b0 Exception <a 'java/lang/NoSuchMethodError'{0x0000000083db5878}: 'void java.lang.invoke.DirectMethodHandle$Holder.invokeVirtual(java.lang.Object, java.lang.Object)'> (0x0000000083db5878) 
thrown [s\open\src\hotspot\share\interpreter\linkResolver.cpp, line 796]
Event: 1.417 Thread 0x000002456d3a28b0 Implicit null exception at 0x0000024507aed617 to 0x0000024507aedbd0
Event: 1.419 Thread 0x000002456d3a28b0 Implicit null exception at 0x0000024507aee577 to 0x0000024507aeee30
Event: 1.426 Thread 0x000002456d3a28b0 Exception <a 'java/lang/NoSuchMethodError'{0x0000000083c84670}: 'void java.lang.invoke.DirectMethodHandle$Holder.invokeStaticInit(java.lang.Object, java.lang.Object, java.lang.Object)'> (0x0000000083c84670) 
thrown [s\open\src\hotspot\share\interpreter\linkResolver.cpp, line 796]

VM Operations (9 events):
Event: 0.193 Executing VM operation: HandshakeAllThreads (Deoptimize)
Event: 0.193 Executing VM operation: HandshakeAllThreads (Deoptimize) done
Event: 0.328 Executing VM operation: G1CollectForAllocation (G1 Evacuation Pause)
Event: 0.335 Executing VM operation: G1CollectForAllocation (G1 Evacuation Pause) done
Event: 1.411 Executing VM operation: HandshakeAllThreads (Deoptimize)
Event: 1.411 Executing VM operation: HandshakeAllThreads (Deoptimize) done
Event: 1.416 Executing VM operation: HandshakeAllThreads (Deoptimize)
Event: 1.416 Executing VM operation: HandshakeAllThreads (Deoptimize) done
Event: 5.451 Executing VM operation: G1CollectForAllocation (G1 Evacuation Pause)

Memory protections (0 events):
No events

Nmethod flushes (0 events):
No events

Events (12 events):
Event: 0.105 Thread 0x000002456d3a28b0 Thread added: 0x000002456d3a28b0
Event: 0.117 Thread 0x000002456d3a28b0 Thread added: 0x00000245501476e0
Event: 0.117 Thread 0x000002456d3a28b0 Thread added: 0x000002455014a340
Event: 0.117 Thread 0x000002456d3a28b0 Thread added: 0x00000245501507f0
Event: 0.117 Thread 0x000002456d3a28b0 Thread added: 0x0000024550151470
Event: 0.117 Thread 0x000002456d3a28b0 Thread added: 0x0000024550152b30
Event: 0.118 Thread 0x000002456d3a28b0 Thread added: 0x00000245501541f0
Event: 0.118 Thread 0x000002456d3a28b0 Thread added: 0x000002455015e5c0
Event: 0.118 Thread 0x000002456d3a28b0 Thread added: 0x000002455015f3b0
Event: 0.129 Thread 0x000002456d3a28b0 Thread added: 0x0000024550314ad0
Event: 0.138 Thread 0x000002456d3a28b0 Thread added: 0x000002455033e0c0
Event: 0.158 Thread 0x000002455015f3b0 Thread added: 0x000002455039d950


Dynamic libraries:
0x00007ff77bd10000 - 0x00007ff77bd18000 	C:\Program Files\Java\jdk-23\bin\keytool.exe
0x00007ffab8b60000 - 0x00007ffab8dc7000 	C:\WINDOWS\SYSTEM32\ntdll.dll
0x00007ffab8110000 - 0x00007ffab81d9000 	C:\WINDOWS\System32\KERNEL32.DLL
0x00007ffab5810000 - 0x00007ffab5c01000 	C:\WINDOWS\System32\KERNELBASE.dll
0x00007ffab6510000 - 0x00007ffab665b000 	C:\WINDOWS\System32\ucrtbase.dll
0x00007ffa9ebb0000 - 0x00007ffa9ebc7000 	C:\Program Files\Java\jdk-23\bin\jli.dll
0x00007ffa981b0000 - 0x00007ffa981cb000 	C:\Program Files\Java\jdk-23\bin\VCRUNTIME140.dll
0x00007ffab8920000 - 0x00007ffab8ae5000 	C:\WINDOWS\System32\USER32.dll
0x00007ffab57e0000 - 0x00007ffab5807000 	C:\WINDOWS\System32\win32u.dll
0x00007ffab8af0000 - 0x00007ffab8b1b000 	C:\WINDOWS\System32\GDI32.dll
0x00007ffab6710000 - 0x00007ffab683b000 	C:\WINDOWS\System32\gdi32full.dll
0x00007ffab5440000 - 0x00007ffab54e3000 	C:\WINDOWS\System32\msvcp_win.dll
0x00007ffa9bc70000 - 0x00007ffa9bf03000 	C:\WINDOWS\WinSxS\amd64_microsoft.windows.common-controls_6595b64144ccf1df_6.0.26100.8037_none_3e092faae333b53b\COMCTL32.dll
0x00007ffab81e0000 - 0x00007ffab8289000 	C:\WINDOWS\System32\msvcrt.dll
0x00007ffab7010000 - 0x00007ffab7041000 	C:\WINDOWS\System32\IMM32.DLL
0x00007ffa9ee20000 - 0x00007ffa9ee2c000 	C:\Program Files\Java\jdk-23\bin\vcruntime140_1.dll
0x00007ffa857e0000 - 0x00007ffa8586e000 	C:\Program Files\Java\jdk-23\bin\msvcp140.dll
0x00007ffa02f90000 - 0x00007ffa03ce0000 	C:\Program Files\Java\jdk-23\bin\server\jvm.dll
0x00007ffab6f50000 - 0x00007ffab700b000 	C:\WINDOWS\System32\ADVAPI32.dll
0x00007ffab7520000 - 0x00007ffab75c7000 	C:\WINDOWS\System32\sechost.dll
0x00007ffab7ff0000 - 0x00007ffab8108000 	C:\WINDOWS\System32\RPCRT4.dll
0x00007ffab7060000 - 0x00007ffab70d4000 	C:\WINDOWS\System32\WS2_32.dll
0x00007ffab52a0000 - 0x00007ffab52fe000 	C:\WINDOWS\SYSTEM32\POWRPROF.dll
0x00007ffaa50a0000 - 0x00007ffaa50ab000 	C:\WINDOWS\SYSTEM32\VERSION.dll
0x00007ffa9fc30000 - 0x00007ffa9fc65000 	C:\WINDOWS\SYSTEM32\WINMM.dll
0x00007ffab5280000 - 0x00007ffab5294000 	C:\WINDOWS\SYSTEM32\UMPDC.dll
0x00007ffab41a0000 - 0x00007ffab41bb000 	C:\WINDOWS\SYSTEM32\kernel.appcore.dll
0x00007ffa9ecb0000 - 0x00007ffa9ecba000 	C:\Program Files\Java\jdk-23\bin\jimage.dll
0x00007ffab2e10000 - 0x00007ffab3052000 	C:\WINDOWS\SYSTEM32\DBGHELP.DLL
0x00007ffab6a50000 - 0x00007ffab6dd2000 	C:\WINDOWS\System32\combase.dll
0x00007ffab73e0000 - 0x00007ffab74b7000 	C:\WINDOWS\System32\OLEAUT32.dll
0x00007ffa940c0000 - 0x00007ffa940fb000 	C:\WINDOWS\SYSTEM32\dbgcore.DLL
0x00007ffab6660000 - 0x00007ffab6705000 	C:\WINDOWS\System32\bcryptPrimitives.dll
0x00007ffa69570000 - 0x00007ffa6958e000 	C:\Program Files\Java\jdk-23\bin\java.dll
0x00007ffab7e50000 - 0x00007ffab7fe5000 	C:\WINDOWS\System32\ole32.dll
0x00007ffab76d0000 - 0x00007ffab7e2f000 	C:\WINDOWS\System32\SHELL32.dll
0x00007ffab5670000 - 0x00007ffab57da000 	C:\WINDOWS\System32\wintypes.dll
0x00007ffab5c10000 - 0x00007ffab6474000 	C:\WINDOWS\System32\windows.storage.dll
0x00007ffab75d0000 - 0x00007ffab76c7000 	C:\WINDOWS\System32\SHCORE.dll
0x00007ffab6ee0000 - 0x00007ffab6f47000 	C:\WINDOWS\System32\shlwapi.dll
0x00007ffab5360000 - 0x00007ffab5389000 	C:\WINDOWS\SYSTEM32\profapi.dll
0x00007ffa647a0000 - 0x00007ffa64877000 	C:\Program Files\Java\jdk-23\bin\jsvml.dll
0x00007ffa84320000 - 0x00007ffa8432e000 	C:\Program Files\Java\jdk-23\bin\sunmscapi.dll
0x00007ffab54f0000 - 0x00007ffab5667000 	C:\WINDOWS\System32\CRYPT32.dll
0x00007ffab4c40000 - 0x00007ffab4c70000 	C:\WINDOWS\SYSTEM32\ncrypt.dll
0x00007ffab4bf0000 - 0x00007ffab4c2f000 	C:\WINDOWS\SYSTEM32\NTASN1.dll
0x00007ffa84230000 - 0x00007ffa84240000 	C:\Program Files\Java\jdk-23\bin\net.dll
0x00007ffab4740000 - 0x00007ffab47ab000 	C:\WINDOWS\system32\mswsock.dll
0x00007ffa68020000 - 0x00007ffa68036000 	C:\Program Files\Java\jdk-23\bin\nio.dll
0x00007ffa67480000 - 0x00007ffa67497000 	C:\Program Files\Java\jdk-23\bin\zip.dll

dbghelp: loaded successfully - version: 4.0.5 - missing functions: none
symbol engine: initialized successfully - sym options: 0x614 - pdb path: .;C:\Program Files\Java\jdk-23\bin;C:\WINDOWS\SYSTEM32;C:\WINDOWS\WinSxS\amd64_microsoft.windows.common-controls_6595b64144ccf1df_6.0.26100.8037_none_3e092faae333b53b;C:\Program Files\Java\jdk-23\bin\server

VM Arguments:
jvm_args: -Dapplication.home=C:\Program Files\Java\jdk-23 -Xms8m -Djdk.module.main=java.base 
java_command: java.base/sun.security.tools.keytool.Main -list -v -keystore C:\Users\ACER\.android\debug.keystore -alias androiddebugkey -storepass android -keypass android
java_class_path (initial): <not set>
Launcher Type: SUN_STANDARD

[Global flags]
     intx CICompilerCount                          = 4                                         {product} {ergonomic}
     uint ConcGCThreads                            = 3                                         {product} {ergonomic}
     uint G1ConcRefinementThreads                  = 10                                        {product} {ergonomic}
   size_t G1HeapRegionSize                         = 1048576                                   {product} {ergonomic}
   size_t InitialHeapSize                          = 8388608                                   {product} {command line}
   size_t MarkStackSize                            = 4194304                                   {product} {ergonomic}
   size_t MarkStackSizeMax                         = 536870912                                 {product} {ergonomic}
   size_t MaxHeapSize                              = 2090860544                                {product} {ergonomic}
   size_t MaxNewSize                               = 1254096896                                {product} {ergonomic}
   size_t MinHeapDeltaBytes                        = 1048576                                   {product} {ergonomic}
   size_t MinHeapSize                              = 8388608                                   {product} {command line}
    uintx NonNMethodCodeHeapSize                   = 5832704                                {pd product} {ergonomic}
    uintx NonProfiledCodeHeapSize                  = 122945536                              {pd product} {ergonomic}
    uintx ProfiledCodeHeapSize                     = 122880000                              {pd product} {ergonomic}
    uintx ReservedCodeCacheSize                    = 251658240                              {pd product} {ergonomic}
     bool SegmentedCodeCache                       = true                                      {product} {ergonomic}
   size_t SoftMaxHeapSize                          = 2090860544                             {manageable} {ergonomic}
     bool UseCompressedOops                        = true                           {product lp64_product} {ergonomic}
     bool UseG1GC                                  = true                                      {product} {ergonomic}
     bool UseLargePagesIndividualAllocation        = false                                  {pd product} {ergonomic}

Logging:
Log output configuration:
 #0: stdout all=warning uptime,level,tags foldmultilines=false
 #1: stderr all=off uptime,level,tags foldmultilines=false

Environment Variables:
JAVA_HOME=C:\Program Files\Java\jdk-23
PATH=C:\Program Files (x86)\VMware\VMware Workstation\bin\;C:\Program Files\Microsoft MPI\Bin\;C:\Program Files\Common Files\Oracle\Java\javapath;C:\Windows\system32;C:\Windows;C:\Windows\System32\Wbem;C:\Windows\System32\WindowsPowerShell\v1.0\;C:\Windows\System32\OpenSSH\;C:\Program Files (x86)\NVIDIA Corporation\PhysX\Common;C:\Program Files\NVIDIA Corporation\NVIDIA NvDLISR;C:\MinGW\bin;C:\Program Files\Azure Data Studio\bin;C:\Program Files (x86)\Microsoft SQL Server\160\Tools\Binn\;C:\Program Files\Microsoft SQL Server\160\Tools\Binn\;C:\Program Files\Microsoft SQL Server\Client SDK\ODBC\170\Tools\Binn\;C:\Program Files\Microsoft SQL Server\160\DTS\Binn\;C:\Program Files\Git\cmd;C:\WINDOWS\system32;C:\WINDOWS;C:\WINDOWS\System32\Wbem;C:\WINDOWS\System32\WindowsPowerShell\v1.0\;C:\WINDOWS\System32\OpenSSH\;C:\Program Files\Docker\Docker\resources\bin;C:\apache-maven-3.9.6\bin;C:\Program Files\MySQL\MySQL Server 9.2\bin;C:\apache-tomcat-11.0.5\bin;C:\Program Files\Java\jdk-23\bin;C:\Program Files\PowerShell\7-preview\preview;C:\Program Files (x86)\Microsoft SQL Server\Client SDK\ODBC\110\Tools\Binn\;C:\Program Files (x86)\Microsoft SQL Server\120\Tools\Binn\;C:\Program Files (x86)\Microsoft SQL Server\120\DTS\Binn\;C:\Program Files\dotnet\;C:\Program Files\nodejs\;C:\Program Files\Cloudflare\Cloudflare WARP\;C:\apache-maven-3.9.6\bin;D:\GitHubCLI\;C:\Program Files\Microsoft MPI\Bin\;C:\Program Files\Common Files\Oracle\Java\javapath;C:\Program Files (x86)\VMware\VMware Workstation\bin\;C:\Windows\system32;C:\Windows;C:\Windows\System32\Wbem;C:\Windows\System32\WindowsPowerShell\v1.0\;C:\Windows\System32\OpenSSH\;C:\Program Files (x86)\NVIDIA Corporation\PhysX\Common;C:\Program Files\NVIDIA Corporation\NVIDIA NvDLISR;C:\MinGW\bin;C:\Program Files\Azure Data Studio\bin;C:\Program Files (x86)\Microsoft SQL Server\160\Tools\Binn\;C:\Program Files\Microsoft SQL Server\160\Tools\Binn\;C:\Program Files\Microsoft SQL Server\Client SDK\ODBC\170\Tools\Binn\;C:\Program Files\Microsoft SQL Server\160\DTS\Binn\;C:\Program Files (x86)\Microsoft SQL Server\160\DTS\Binn\;C:\Program Files\nodejs\;C:\Program Files\Cloudflare\Cloudflare WARP\;C:\Program Files\Git\cmd;C:\Users\ACER\Downloads\apache-maven-3.8.8-bin\apache-maven-3.8.8;C:\WINDOWS\system32;C:\WINDOWS;C:\WINDOWS\System32\Wbem;C:\WINDOWS\System32\WindowsPowerShell\v1.0\;C:\WINDOWS\System32\OpenSSH\;C:\Program Files\Docker\Docker\resources\bin;C:\Users\ACER\AppData\Local\Programs\Python\Python312\Scripts\;C:\Users\ACER\AppData\Local\Programs\Python\Python312\;C:\Users\ACER\AppData\Local\Microsoft\WindowsApps;C:\Program Files\nodejs;C:\Users\ACER\AppData\Local\GitHubDesktop\bin;C:\Users\ACER\scoop\shims;C:\Users\ACER\AppData\Local\Programs\oh-my-posh\bin;C:\Users\ACER\AppData\Local\Microsoft\WinGet\Links;C:\Users\ACER\AppData\Local\Programs\Microsoft VS Code\bin;C:\Users\ACER\.dotnet\tools;C:\Users\ACER\AppData\Local\Microsoft\WindowsApps;C:\Users\ACER\AppData\Roaming\npm;C:\texlive\2025\bin\windows;
USERNAME=bbxsntxnzje
TERM=xterm
OS=Windows_NT
PROCESSOR_IDENTIFIER=Intel64 Family 6 Model 141 Stepping 1, GenuineIntel
TMP=C:\Users\ACER\AppData\Local\Temp
TEMP=C:\Users\ACER\AppData\Local\Temp




Periodic native trim disabled

---------------  S Y S T E M  ---------------

OS:
 Windows 11 , 64 bit Build 26100 (10.0.26100.7920)
OS uptime: 0 days 5:47 hours
Hyper-V role detected

CPU: total 12 (initial active 12) (6 cores per cpu, 2 threads per core) family 6 model 141 stepping 1 microcode 0x3c, cx8, cmov, fxsr, ht, mmx, 3dnowpref, sse, sse2, sse3, ssse3, sse4.1, sse4.2, popcnt, lzcnt, tsc, tscinvbit, avx, avx2, aes, erms, clmul, bmi1, bmi2, adx, avx512f, avx512dq, avx512cd, avx512bw, avx512vl, sha, fma, vzeroupper, avx512_vpopcntdq, avx512_vpclmulqdq, avx512_vaes, avx512_vnni, clflush, clflushopt, clwb, avx512_vbmi2, avx512_vbmi, hv, rdtscp, rdpid, fsrm, gfni, avx512_bitalg, f16c, cet_ibt, cet_ss, avx512_ifma
Processor Information for the first 12 processors :
  Max Mhz: 2688, Current Mhz: 2688, Mhz Limit: 2688

Memory: 4k page, system-wide physical 7971M (296M free)
TotalPageFile size 20259M (AvailPageFile size 1M)
current process WorkingSet (physical memory assigned to process): 65M, peak: 65M
current process commit charge ("private bytes"): 109M, peak: 109M

vm_info: Java HotSpot(TM) 64-Bit Server VM (23.0.2+7-58) for windows-amd64 JRE (23.0.2+7-58), built on 2024-11-29T09:34:55Z with MS VC++ 17.6 (VS2022)

END.
